0001_0018_0027_0060_0060.jpg 1 18 27 60 60
0002_0020_0048_0024_0024.jpg 1 20 48 24 24
0003_0012_0024_0054_0054.jpg 1 12 24 54 54
0004_0024_0028_0065_0065.jpg 1 24 28 65 65
0005_0037_0037_0048_0048.jpg 1 37 37 48 48
0006_0017_0044_0039_0039.jpg 1 17 44 39 39
0007_0051_0009_0033_0033.jpg 1 51 9 33 33
0008_0007_0042_0031_0031.jpg 1 7 42 31 31
0009_0021_0042_0045_0045.jpg 1 21 42 45 45
0010_0032_0027_0053_0053.jpg 1 32 27 53 53
0011_0008_0021_0058_0058.jpg 1 8 21 58 58
0012_0029_0054_0028_0028.jpg 1 29 54 28 28
0013_0008_0007_0062_0062.jpg 1 8 7 62 62
0014_0033_0020_0052_0052.jpg 1 33 20 52 52
0015_0059_0047_0034_0034.jpg 1 59 47 34 34
0016_0033_0023_0047_0047.jpg 1 33 23 47 47
0017_0014_0016_0055_0055.jpg 1 14 16 55 55
0018_0015_0014_0068_0068.jpg 1 15 14 68 68
0019_0044_0049_0038_0038.jpg 1 44 49 38 38
0020_0035_0024_0032_0032.jpg 1 35 24 32 32
0021_0019_0036_0055_0055.jpg 1 19 36 55 55
0022_0026_0004_0063_0063.jpg 1 26 4 63 63
0023_0024_0035_0060_0060.jpg 1 24 35 60 60
0024_0038_0042_0034_0034.jpg 1 38 42 34 34
0025_0029_0010_0064_0064.jpg 1 29 10 64 64
0026_0007_0032_0047_0047.jpg 1 7 32 47 47
0027_0010_0036_0053_0053.jpg 1 10 36 53 53
0028_0019_0020_0040_0040.jpg 1 19 20 40 40
0029_0017_0028_0059_0059.jpg 1 17 28 59 59
0030_0025_0033_0060_0060.jpg 1 25 33 60 60
0031_0036_0030_0032_0032.jpg 1 36 30 32 32
0032_0007_0015_0051_0051.jpg 1 7 15 51 51
0033_0014_0025_0038_0038.jpg 1 14 25 38 38
0034_0018_0031_0053_0053.jpg 1 18 31 53 53
0035_0020_0010_0057_0057.jpg 1 20 10 57 57
0036_0012_0023_0049_0049.jpg 1 12 23 49 49
0037_0031_0035_0043_0043.jpg 1 31 35 43 43
0038_0050_0052_0032_0032.jpg 1 50 52 32 32
0039_0026_0029_0050_0050.jpg 1 26 29 50 50
0040_0024_0017_0029_0029.jpg 1 24 17 29 29
0041_0029_0007_0063_0063.jpg 1 29 7 63 63
0042_0033_0044_0030_0030.jpg 1 33 44 30 30
0043_0050_0056_0032_0032.jpg 1 50 56 32 32
0044_0034_0028_0062_0062.jpg 1 34 28 62 62
0045_0025_0043_0031_0031.jpg 1 25 43 31 31
0046_0016_0041_0051_0051.jpg 1 16 41 51 51
0047_0010_0020_0069_0069.jpg 1 10 20 69 69
0048_0033_0037_0058_0058.jpg 1 33 37 58 58
0049_0030_0025_0066_0066.jpg 1 30 25 66 66
0050_0032_0027_0041_0041.jpg 1 32 27 41 41
0051_0004_0008_0069_0069.jpg 1 4 8 69 69
0052_0027_0008_0064_0064.jpg 1 27 8 64 64
0053_0026_0025_0057_0057.jpg 1 26 25 57 57
0054_0051_0013_0033_0033.jpg 1 51 13 33 33
0055_0021_0014_0058_0058.jpg 1 21 14 58 58
0056_0048_0016_0035_0035.jpg 1 48 16 35 35
0057_0023_0049_0043_0043.jpg 1 23 49 43 43
0058_0030_0020_0047_0047.jpg 1 30 20 47 47
0059_0043_0027_0037_0037.jpg 1 43 27 37 37
0060_0023_0005_0044_0044.jpg 1 23 5 44 44
0061_0018_0010_0069_0069.jpg 1 18 10 69 69
0062_0004_0010_0069_0069.jpg 1 4 10 69 69
0063_0038_0041_0029_0029.jpg 1 38 41 29 29
0064_0008_0040_0042_0042.jpg 1 8 40 42 42
0065_0010_0004_0069_0069.jpg 1 10 4 69 69
0066_0042_0046_0029_0029.jpg 1 42 46 29 29
0067_0012_0028_0042_0042.jpg 1 12 28 42 42
0068_0040_0040_0046_0046.jpg 1 40 40 46 46
0069_0015_0024_0061_0061.jpg 1 15 24 61 61
0070_0007_0019_0049_0049.jpg 1 7 19 49 49
0071_0018_0024_0029_0029.jpg 1 18 24 29 29
0072_0036_0013_0056_0056.jpg 1 36 13 56 56
0073_0008_0026_0051_0051.jpg 1 8 26 51 51
0074_0060_0043_0029_0029.jpg 1 60 43 29 29
0075_0018_0030_0066_0066.jpg 1 18 30 66 66
0076_0041_0017_0047_0047.jpg 1 41 17 47 47
0077_0029_0054_0031_0031.jpg 1 29 54 31 31
0078_0038_0053_0029_0029.jpg 1 38 53 29 29
0079_0017_0025_0061_0061.jpg 1 17 25 61 61
0080_0008_0020_0060_0060.jpg 1 8 20 60 60
0081_0049_0047_0028_0028.jpg 1 49 47 28 28
0082_0005_0009_0052_0052.jpg 1 5 9 52 52
0083_0013_0004_0058_0058.jpg 1 13 4 58 58
0084_0010_0028_0044_0044.jpg 1 10 28 44 44
0085_0035_0004_0054_0054.jpg 1 35 4 54 54
0086_0014_0008_0065_0065.jpg 1 14 8 65 65
0087_0026_0009_0065_0065.jpg 1 26 9 65 65
0088_0008_0025_0069_0069.jpg 1 8 25 69 69
0089_0018_0009_0056_0056.jpg 1 18 9 56 56
0090_0012_0044_0044_0044.jpg 1 12 44 44 44
0091_0017_0042_0050_0050.jpg 1 17 42 50 50
0092_0008_0010_0059_0059.jpg 1 8 10 59 59
0093_0029_0046_0038_0038.jpg 1 29 46 38 38
0094_0047_0007_0041_0041.jpg 1 47 7 41 41
0095_0034_0011_0045_0045.jpg 1 34 11 45 45
0096_0030_0025_0053_0053.jpg 1 30 25 53 53
0097_0009_0018_0058_0058.jpg 1 9 18 58 58
0098_0015_0028_0059_0059.jpg 1 15 28 59 59
0099_0024_0022_0062_0062.jpg 1 24 22 62 62
0100_0020_0009_0027_0027.jpg 1 20 9 27 27
0101_0009_0012_0058_0058.jpg 1 9 12 58 58
0102_0047_0055_0031_0031.jpg 1 47 55 31 31
0103_0010_0008_0032_0032.jpg 1 10 8 32 32
0104_0048_0044_0031_0031.jpg 1 48 44 31 31
0105_0029_0028_0058_0058.jpg 1 29 28 58 58
0106_0033_0029_0054_0054.jpg 1 33 29 54 54
0107_0034_0031_0058_0058.jpg 1 34 31 58 58
0108_0062_0036_0027_0027.jpg 1 62 36 27 27
0109_0045_0021_0047_0047.jpg 1 45 21 47 47
0110_0044_0021_0049_0049.jpg 1 44 21 49 49
0111_0025_0032_0037_0037.jpg 1 25 32 37 37
0112_0021_0027_0025_0025.jpg 1 21 27 25 25
0113_0021_0041_0039_0039.jpg 1 21 41 39 39
0114_0019_0019_0043_0043.jpg 1 19 19 43 43
0115_0022_0038_0055_0055.jpg 1 22 38 55 55
0116_0034_0012_0049_0049.jpg 1 34 12 49 49
0117_0005_0019_0060_0060.jpg 1 5 19 60 60
0118_0050_0041_0041_0041.jpg 1 50 41 41 41
0119_0036_0029_0029_0029.jpg 1 36 29 29 29
0120_0052_0052_0040_0040.jpg 1 52 52 40 40
0121_0007_0019_0066_0066.jpg 1 7 19 66 66
0122_0060_0040_0025_0025.jpg 1 60 40 25 25
0123_0027_0033_0035_0035.jpg 1 27 33 35 35
0124_0007_0014_0066_0066.jpg 1 7 14 66 66
0125_0023_0017_0056_0056.jpg 1 23 17 56 56
0126_0056_0027_0035_0035.jpg 1 56 27 35 35
0127_0044_0014_0034_0034.jpg 1 44 14 34 34
0128_0040_0054_0027_0027.jpg 1 40 54 27 27
0129_0011_0028_0040_0040.jpg 1 11 28 40 40
0130_0024_0027_0056_0056.jpg 1 24 27 56 56
0131_0049_0006_0040_0040.jpg 1 49 6 40 40
0132_0011_0007_0063_0063.jpg 1 11 7 63 63
0133_0023_0009_0051_0051.jpg 1 23 9 51 51
0134_0018_0041_0026_0026.jpg 1 18 41 26 26
0135_0052_0045_0039_0039.jpg 1 52 45 39 39
0136_0045_0014_0040_0040.jpg 1 45 14 40 40
0137_0036_0030_0030_0030.jpg 1 36 30 30 30
0138_0007_0033_0039_0039.jpg 1 7 33 39 39
0139_0043_0026_0045_0045.jpg 1 43 26 45 45
0140_0011_0019_0065_0065.jpg 1 11 19 65 65
0141_0027_0019_0028_0028.jpg 1 27 19 28 28
0142_0018_0024_0066_0066.jpg 1 18 24 66 66
0143_0044_0035_0044_0044.jpg 1 44 35 44 44
0144_0043_0029_0043_0043.jpg 1 43 29 43 43
0145_0024_0015_0025_0025.jpg 1 24 15 25 25
0146_0038_0032_0035_0035.jpg 1 38 32 35 35
0147_0020_0017_0067_0067.jpg 1 20 17 67 67
0148_0021_0032_0030_0030.jpg 1 21 32 30 30
0149_0016_0032_0053_0053.jpg 1 16 32 53 53
0150_0019_0041_0050_0050.jpg 1 19 41 50 50
0151_0026_0049_0024_0024.jpg 1 26 49 24 24
0152_0025_0040_0047_0047.jpg 1 25 40 47 47
0153_0059_0024_0031_0031.jpg 1 59 24 31 31
0154_0042_0043_0047_0047.jpg 1 42 43 47 47
0155_0022_0046_0040_0040.jpg 1 22 46 40 40
0156_0036_0005_0051_0051.jpg 1 36 5 51 51
0157_0033_0037_0048_0048.jpg 1 33 37 48 48
0158_0034_0030_0025_0025.jpg 1 34 30 25 25
0159_0020_0025_0026_0026.jpg 1 20 25 26 26
0160_0011_0005_0052_0052.jpg 1 11 5 52 52
0161_0036_0023_0041_0041.jpg 1 36 23 41 41
0162_0035_0016_0044_0044.jpg 1 35 16 44 44
0163_0023_0032_0041_0041.jpg 1 23 32 41 41
0164_0016_0020_0067_0067.jpg 1 16 20 67 67
0165_0026_0016_0062_0062.jpg 1 26 16 62 62
0166_0005_0030_0050_0050.jpg 1 5 30 50 50
0167_0009_0038_0050_0050.jpg 1 9 38 50 50
0168_0006_0018_0057_0057.jpg 1 6 18 57 57
0169_0029_0024_0065_0065.jpg 1 29 24 65 65
0170_0011_0018_0067_0067.jpg 1 11 18 67 67
0171_0016_0043_0034_0034.jpg 1 16 43 34 34
0172_0012_0042_0040_0040.jpg 1 12 42 40 40
0173_0036_0031_0050_0050.jpg 1 36 31 50 50
0174_0022_0056_0028_0028.jpg 1 22 56 28 28
0175_0011_0057_0024_0024.jpg 1 11 57 24 24
0176_0011_0007_0054_0054.jpg 1 11 7 54 54
0177_0037_0043_0038_0038.jpg 1 37 43 38 38
0178_0030_0026_0032_0032.jpg 1 30 26 32 32
0179_0033_0037_0056_0056.jpg 1 33 37 56 56
0180_0050_0019_0026_0026.jpg 1 50 19 26 26
0181_0011_0023_0043_0043.jpg 1 11 23 43 43
0182_0025_0036_0058_0058.jpg 1 25 36 58 58
0183_0027_0022_0056_0056.jpg 1 27 22 56 56
0184_0020_0031_0063_0063.jpg 1 20 31 63 63
0185_0048_0013_0038_0038.jpg 1 48 13 38 38
0186_0062_0054_0024_0024.jpg 1 62 54 24 24
0187_0052_0019_0028_0028.jpg 1 52 19 28 28
0188_0013_0005_0066_0066.jpg 1 13 5 66 66
0189_0010_0030_0059_0059.jpg 1 10 30 59 59
0190_0038_0031_0052_0052.jpg 1 38 31 52 52
0191_0019_0009_0056_0056.jpg 1 19 9 56 56
0192_0009_0037_0035_0035.jpg 1 9 37 35 35
0193_0055_0010_0032_0032.jpg 1 55 10 32 32
0194_0009_0011_0065_0065.jpg 1 9 11 65 65
0195_0008_0012_0058_0058.jpg 1 8 12 58 58
0196_0015_0052_0028_0028.jpg 1 15 52 28 28
0197_0015_0024_0069_0069.jpg 1 15 24 69 69
0198_0014_0017_0049_0049.jpg 1 14 17 49 49
0199_0004_0008_0065_0065.jpg 1 4 8 65 65
0200_0018_0024_0052_0052.jpg 1 18 24 52 52
0201_0025_0025_0026_0026.jpg 1 25 25 26 26
0202_0015_0006_0063_0063.jpg 1 15 6 63 63
0203_0039_0047_0042_0042.jpg 1 39 47 42 42
0204_0025_0006_0050_0050.jpg 1 25 6 50 50
0205_0016_0005_0061_0061.jpg 1 16 5 61 61
0206_0044_0005_0044_0044.jpg 1 44 5 44 44
0207_0015_0037_0048_0048.jpg 1 15 37 48 48
0208_0028_0021_0061_0061.jpg 1 28 21 61 61
0209_0028_0014_0051_0051.jpg 1 28 14 51 51
0210_0058_0056_0026_0026.jpg 1 58 56 26 26
0211_0038_0057_0036_0036.jpg 1 38 57 36 36
0212_0051_0014_0034_0034.jpg 1 51 14 34 34
0213_0043_0052_0032_0032.jpg 1 43 52 32 32
0214_0025_0029_0041_0041.jpg 1 25 29 41 41
0215_0053_0028_0027_0027.jpg 1 53 28 27 27
0216_0014_0048_0031_0031.jpg 1 14 48 31 31
0217_0011_0014_0038_0038.jpg 1 11 14 38 38
0218_0030_0034_0048_0048.jpg 1 30 34 48 48
0219_0005_0023_0059_0059.jpg 1 5 23 59 59
0220_0020_0037_0034_0034.jpg 1 20 37 34 34
0221_0023_0018_0045_0045.jpg 1 23 18 45 45
0222_0031_0010_0053_0053.jpg 1 31 10 53 53
0223_0008_0037_0052_0052.jpg 1 8 37 52 52
0224_0014_0033_0047_0047.jpg 1 14 33 47 47
0225_0024_0028_0052_0052.jpg 1 24 28 52 52
0226_0017_0044_0039_0039.jpg 1 17 44 39 39
0227_0018_0007_0043_0043.jpg 1 18 7 43 43
0228_0032_0014_0037_0037.jpg 1 32 14 37 37
0229_0062_0032_0024_0024.jpg 1 62 32 24 24
0230_0022_0028_0068_0068.jpg 1 22 28 68 68
0231_0032_0018_0035_0035.jpg 1 32 18 35 35
0232_0024_0031_0043_0043.jpg 1 24 31 43 43
0233_0030_0036_0057_0057.jpg 1 30 36 57 57
0234_0030_0022_0042_0042.jpg 1 30 22 42 42
0235_0034_0050_0028_0028.jpg 1 34 50 28 28
0236_0013_0024_0038_0038.jpg 1 13 24 38 38
0237_0026_0033_0034_0034.jpg 1 26 33 34 34
0238_0008_0019_0059_0059.jpg 1 8 19 59 59
0239_0013_0030_0063_0063.jpg 1 13 30 63 63
0240_0024_0022_0069_0069.jpg 1 24 22 69 69
0241_0028_0020_0027_0027.jpg 1 28 20 27 27
0242_0027_0024_0026_0026.jpg 1 27 24 26 26
0243_0046_0033_0033_0033.jpg 1 46 33 33 33
0244_0009_0036_0056_0056.jpg 1 9 36 56 56
0245_0043_0011_0047_0047.jpg 1 43 11 47 47
0246_0013_0008_0060_0060.jpg 1 13 8 60 60
0247_0009_0019_0064_0064.jpg 1 9 19 64 64
0248_0032_0013_0027_0027.jpg 1 32 13 27 27
0249_0052_0015_0025_0025.jpg 1 52 15 25 25
0250_0030_0024_0055_0055.jpg 1 30 24 55 55
0251_0014_0035_0056_0056.jpg 1 14 35 56 56
0252_0013_0006_0068_0068.jpg 1 13 6 68 68
0253_0010_0015_0064_0064.jpg 1 10 15 64 64
0254_0024_0018_0058_0058.jpg 1 24 18 58 58
0255_0040_0038_0049_0049.jpg 1 40 38 49 49
0256_0050_0040_0027_0027.jpg 1 50 40 27 27
0257_0023_0013_0034_0034.jpg 1 23 13 34 34
0258_0011_0027_0062_0062.jpg 1 11 27 62 62
0259_0026_0007_0056_0056.jpg 1 26 7 56 56
0260_0017_0022_0068_0068.jpg 1 17 22 68 68
0261_0017_0016_0048_0048.jpg 1 17 16 48 48
0262_0004_0028_0060_0060.jpg 1 4 28 60 60
0263_0051_0025_0035_0035.jpg 1 51 25 35 35
0264_0012_0025_0033_0033.jpg 1 12 25 33 33
0265_0031_0024_0059_0059.jpg 1 31 24 59 59
0266_0047_0017_0033_0033.jpg 1 47 17 33 33
0267_0020_0018_0060_0060.jpg 1 20 18 60 60
0268_0023_0026_0057_0057.jpg 1 23 26 57 57
0269_0026_0017_0052_0052.jpg 1 26 17 52 52
0270_0033_0015_0042_0042.jpg 1 33 15 42 42
0271_0038_0030_0039_0039.jpg 1 38 30 39 39
0272_0019_0016_0047_0047.jpg 1 19 16 47 47
0273_0020_0012_0065_0065.jpg 1 20 12 65 65
0274_0008_0034_0062_0062.jpg 1 8 34 62 62
0275_0019_0023_0040_0040.jpg 1 19 23 40 40
0276_0054_0037_0031_0031.jpg 1 54 37 31 31
0277_0025_0008_0067_0067.jpg 1 25 8 67 67
0278_0022_0039_0043_0043.jpg 1 22 39 43 43
0279_0060_0029_0024_0024.jpg 1 60 29 24 24
0280_0027_0039_0028_0028.jpg 1 27 39 28 28
0281_0050_0048_0027_0027.jpg 1 50 48 27 27
0282_0018_0021_0057_0057.jpg 1 18 21 57 57
0283_0007_0017_0054_0054.jpg 1 7 17 54 54
0284_0023_0060_0028_0028.jpg 1 23 60 28 28
0285_0017_0030_0050_0050.jpg 1 17 30 50 50
0286_0051_0035_0035_0035.jpg 1 51 35 35 35
0287_0033_0016_0041_0041.jpg 1 33 16 41 41
0288_0008_0017_0040_0040.jpg 1 8 17 40 40
0289_0005_0012_0069_0069.jpg 1 5 12 69 69
0290_0034_0039_0048_0048.jpg 1 34 39 48 48
0291_0033_0022_0035_0035.jpg 1 33 22 35 35
0292_0032_0027_0043_0043.jpg 1 32 27 43 43
0293_0031_0050_0042_0042.jpg 1 31 50 42 42
0294_0043_0044_0040_0040.jpg 1 43 44 40 40
0295_0039_0049_0041_0041.jpg 1 39 49 41 41
0296_0018_0059_0031_0031.jpg 1 18 59 31 31
0297_0007_0027_0065_0065.jpg 1 7 27 65 65
0298_0027_0050_0034_0034.jpg 1 27 50 34 34
0299_0056_0057_0029_0029.jpg 1 56 57 29 29
0300_0067_0042_0024_0024.jpg 1 67 42 24 24
0301_0013_0026_0054_0054.jpg 1 13 26 54 54
0302_0006_0006_0051_0051.jpg 1 6 6 51 51
0303_0025_0029_0065_0065.jpg 1 25 29 65 65
0304_0033_0062_0028_0028.jpg 1 33 62 28 28
0305_0017_0034_0030_0030.jpg 1 17 34 30 30
0306_0049_0009_0035_0035.jpg 1 49 9 35 35
0307_0044_0038_0045_0045.jpg 1 44 38 45 45
0308_0025_0018_0047_0047.jpg 1 25 18 47 47
0309_0036_0026_0043_0043.jpg 1 36 26 43 43
0310_0055_0013_0031_0031.jpg 1 55 13 31 31
0311_0032_0025_0037_0037.jpg 1 32 25 37 37
0312_0039_0045_0024_0024.jpg 1 39 45 24 24
0313_0017_0013_0068_0068.jpg 1 17 13 68 68
0314_0020_0016_0050_0050.jpg 1 20 16 50 50
0315_0028_0014_0059_0059.jpg 1 28 14 59 59
0316_0034_0052_0030_0030.jpg 1 34 52 30 30
0317_0023_0030_0025_0025.jpg 1 23 30 25 25
0318_0032_0005_0047_0047.jpg 1 32 5 47 47
0319_0032_0026_0056_0056.jpg 1 32 26 56 56
0320_0008_0010_0052_0052.jpg 1 8 10 52 52
0321_0003_0024_0065_0065.jpg 1 3 24 65 65
0322_0010_0037_0045_0045.jpg 1 10 37 45 45
0323_0034_0063_0027_0027.jpg 1 34 63 27 27
0324_0005_0008_0063_0063.jpg 1 5 8 63 63
0325_0008_0038_0033_0033.jpg 1 8 38 33 33
0326_0022_0007_0065_0065.jpg 1 22 7 65 65
0327_0016_0021_0055_0055.jpg 1 16 21 55 55
0328_0052_0020_0036_0036.jpg 1 52 20 36 36
0329_0030_0014_0026_0026.jpg 1 30 14 26 26
0330_0041_0024_0050_0050.jpg 1 41 24 50 50
0331_0025_0049_0024_0024.jpg 1 25 49 24 24
0332_0030_0010_0029_0029.jpg 1 30 10 29 29
0333_0040_0029_0045_0045.jpg 1 40 29 45 45
0334_0011_0007_0069_0069.jpg 1 11 7 69 69
0335_0028_0019_0037_0037.jpg 1 28 19 37 37
0336_0037_0027_0048_0048.jpg 1 37 27 48 48
0337_0054_0014_0026_0026.jpg 1 54 14 26 26
0338_0029_0028_0061_0061.jpg 1 29 28 61 61
0339_0042_0019_0047_0047.jpg 1 42 19 47 47
0340_0020_0021_0061_0061.jpg 1 20 21 61 61
0341_0030_0026_0055_0055.jpg 1 30 26 55 55
0342_0012_0033_0052_0052.jpg 1 12 33 52 52
0343_0028_0020_0039_0039.jpg 1 28 20 39 39
0344_0008_0031_0058_0058.jpg 1 8 31 58 58
0345_0024_0015_0040_0040.jpg 1 24 15 40 40
0346_0064_0044_0028_0028.jpg 1 64 44 28 28
0347_0036_0021_0033_0033.jpg 1 36 21 33 33
0348_0030_0030_0062_0062.jpg 1 30 30 62 62
0349_0040_0032_0049_0049.jpg 1 40 32 49 49
0350_0008_0011_0038_0038.jpg 1 8 11 38 38
0351_0005_0009_0052_0052.jpg 1 5 9 52 52
0352_0036_0019_0052_0052.jpg 1 36 19 52 52
0353_0045_0013_0042_0042.jpg 1 45 13 42 42
0354_0032_0006_0060_0060.jpg 1 32 6 60 60
0355_0015_0013_0057_0057.jpg 1 15 13 57 57
0356_0003_0024_0067_0067.jpg 1 3 24 67 67
0357_0039_0033_0024_0024.jpg 1 39 33 24 24
0358_0022_0022_0035_0035.jpg 1 22 22 35 35
0359_0013_0006_0050_0050.jpg 1 13 6 50 50
0360_0040_0053_0035_0035.jpg 1 40 53 35 35
0361_0021_0039_0056_0056.jpg 1 21 39 56 56
0362_0019_0058_0033_0033.jpg 1 19 58 33 33
0363_0044_0041_0050_0050.jpg 1 44 41 50 50
0364_0004_0015_0056_0056.jpg 1 4 15 56 56
0365_0010_0020_0057_0057.jpg 1 10 20 57 57
0366_0034_0023_0053_0053.jpg 1 34 23 53 53
0367_0048_0041_0036_0036.jpg 1 48 41 36 36
0368_0012_0035_0053_0053.jpg 1 12 35 53 53
0369_0012_0016_0037_0037.jpg 1 12 16 37 37
0370_0042_0061_0025_0025.jpg 1 42 61 25 25
0371_0047_0051_0025_0025.jpg 1 47 51 25 25
0372_0007_0031_0047_0047.jpg 1 7 31 47 47
0373_0020_0036_0058_0058.jpg 1 20 36 58 58
0374_0012_0004_0069_0069.jpg 1 12 4 69 69
0375_0008_0014_0034_0034.jpg 1 8 14 34 34
0376_0017_0032_0061_0061.jpg 1 17 32 61 61
0377_0028_0027_0027_0027.jpg 1 28 27 27 27
0378_0008_0024_0034_0034.jpg 1 8 24 34 34
0379_0021_0019_0060_0060.jpg 1 21 19 60 60
0380_0030_0018_0029_0029.jpg 1 30 18 29 29
0381_0011_0018_0059_0059.jpg 1 11 18 59 59
0382_0022_0008_0066_0066.jpg 1 22 8 66 66
0383_0032_0006_0045_0045.jpg 1 32 6 45 45
0384_0035_0009_0051_0051.jpg 1 35 9 51 51
0385_0028_0028_0026_0026.jpg 1 28 28 26 26
0386_0016_0034_0056_0056.jpg 1 16 34 56 56
0387_0031_0021_0038_0038.jpg 1 31 21 38 38
0388_0013_0006_0041_0041.jpg 1 13 6 41 41
0389_0043_0031_0025_0025.jpg 1 43 31 25 25
0390_0055_0048_0032_0032.jpg 1 55 48 32 32
0391_0043_0021_0029_0029.jpg 1 43 21 29 29
0392_0017_0022_0033_0033.jpg 1 17 22 33 33
0393_0021_0027_0050_0050.jpg 1 21 27 50 50
0394_0027_0025_0065_0065.jpg 1 27 25 65 65
0395_0056_0010_0033_0033.jpg 1 56 10 33 33
0396_0029_0009_0057_0057.jpg 1 29 9 57 57
0397_0013_0011_0069_0069.jpg 1 13 11 69 69
0398_0044_0009_0043_0043.jpg 1 44 9 43 43
0399_0023_0013_0059_0059.jpg 1 23 13 59 59
0400_0037_0007_0055_0055.jpg 1 37 7 55 55
0401_0033_0013_0062_0062.jpg 1 33 13 62 62
0402_0009_0012_0051_0051.jpg 1 9 12 51 51
0403_0059_0038_0032_0032.jpg 1 59 38 32 32
0404_0012_0041_0050_0050.jpg 1 12 41 50 50
0405_0031_0048_0033_0033.jpg 1 31 48 33 33
0406_0007_0019_0064_0064.jpg 1 7 19 64 64
0407_0024_0020_0055_0055.jpg 1 24 20 55 55
0408_0019_0049_0031_0031.jpg 1 19 49 31 31
0409_0039_0052_0028_0028.jpg 1 39 52 28 28
0410_0012_0028_0055_0055.jpg 1 12 28 55 55
0411_0030_0041_0038_0038.jpg 1 30 41 38 38
0412_0020_0010_0052_0052.jpg 1 20 10 52 52
0413_0040_0014_0048_0048.jpg 1 40 14 48 48
0414_0024_0009_0056_0056.jpg 1 24 9 56 56
0415_0010_0051_0028_0028.jpg 1 10 51 28 28
0416_0012_0032_0063_0063.jpg 1 12 32 63 63
0417_0006_0039_0056_0056.jpg 1 6 39 56 56
0418_0019_0011_0046_0046.jpg 1 19 11 46 46
0419_0056_0056_0029_0029.jpg 1 56 56 29 29
0420_0030_0043_0025_0025.jpg 1 30 43 25 25
0421_0064_0064_0024_0024.jpg 1 64 64 24 24
0422_0037_0035_0055_0055.jpg 1 37 35 55 55
0423_0046_0024_0048_0048.jpg 1 46 24 48 48
0424_0022_0034_0028_0028.jpg 1 22 34 28 28
0425_0014_0019_0029_0029.jpg 1 14 19 29 29
0426_0052_0023_0033_0033.jpg 1 52 23 33 33
0427_0006_0042_0041_0041.jpg 1 6 42 41 41
0428_0020_0041_0040_0040.jpg 1 20 41 40 40
0429_0016_0032_0062_0062.jpg 1 16 32 62 62
0430_0017_0037_0052_0052.jpg 1 17 37 52 52
0431_0024_0045_0031_0031.jpg 1 24 45 31 31
0432_0025_0010_0064_0064.jpg 1 25 10 64 64
0433_0028_0018_0030_0030.jpg 1 28 18 30 30
0434_0037_0044_0044_0044.jpg 1 37 44 44 44
0435_0007_0034_0054_0054.jpg 1 7 34 54 54
0436_0004_0020_0067_0067.jpg 1 4 20 67 67
0437_0033_0020_0032_0032.jpg 1 33 20 32 32
0438_0059_0014_0033_0033.jpg 1 59 14 33 33
0439_0017_0013_0064_0064.jpg 1 17 13 64 64
0440_0029_0012_0051_0051.jpg 1 29 12 51 51
0441_0020_0024_0060_0060.jpg 1 20 24 60 60
0442_0037_0051_0034_0034.jpg 1 37 51 34 34
0443_0015_0011_0029_0029.jpg 1 15 11 29 29
0444_0013_0007_0065_0065.jpg 1 13 7 65 65
0445_0022_0016_0053_0053.jpg 1 22 16 53 53
0446_0023_0043_0037_0037.jpg 1 23 43 37 37
0447_0020_0026_0068_0068.jpg 1 20 26 68 68
0448_0025_0010_0064_0064.jpg 1 25 10 64 64
0449_0032_0011_0062_0062.jpg 1 32 11 62 62
0450_0017_0033_0030_0030.jpg 1 17 33 30 30
0451_0022_0015_0069_0069.jpg 1 22 15 69 69
0452_0025_0019_0037_0037.jpg 1 25 19 37 37
0453_0059_0025_0029_0029.jpg 1 59 25 29 29
0454_0023_0021_0054_0054.jpg 1 23 21 54 54
0455_0041_0029_0053_0053.jpg 1 41 29 53 53
0456_0034_0031_0038_0038.jpg 1 34 31 38 38
0457_0016_0037_0038_0038.jpg 1 16 37 38 38
0458_0003_0016_0066_0066.jpg 1 3 16 66 66
0459_0019_0036_0057_0057.jpg 1 19 36 57 57
0460_0007_0029_0052_0052.jpg 1 7 29 52 52
0461_0015_0019_0042_0042.jpg 1 15 19 42 42
0462_0011_0006_0050_0050.jpg 1 11 6 50 50
0463_0017_0036_0053_0053.jpg 1 17 36 53 53
0464_0012_0028_0065_0065.jpg 1 12 28 65 65
0465_0017_0045_0035_0035.jpg 1 17 45 35 35
0466_0039_0044_0043_0043.jpg 1 39 44 43 43
0467_0010_0023_0066_0066.jpg 1 10 23 66 66
0468_0009_0029_0045_0045.jpg 1 9 29 45 45
0469_0034_0026_0054_0054.jpg 1 34 26 54 54
0470_0038_0025_0040_0040.jpg 1 38 25 40 40
0471_0012_0032_0061_0061.jpg 1 12 32 61 61
0472_0015_0007_0040_0040.jpg 1 15 7 40 40
0473_0010_0035_0043_0043.jpg 1 10 35 43 43
0474_0017_0029_0066_0066.jpg 1 17 29 66 66
0475_0027_0021_0034_0034.jpg 1 27 21 34 34
0476_0022_0015_0031_0031.jpg 1 22 15 31 31
0477_0019_0012_0037_0037.jpg 1 19 12 37 37
0478_0007_0028_0044_0044.jpg 1 7 28 44 44
0479_0043_0058_0024_0024.jpg 1 43 58 24 24
0480_0009_0033_0042_0042.jpg 1 9 33 42 42
0481_0055_0041_0037_0037.jpg 1 55 41 37 37
0482_0038_0010_0050_0050.jpg 1 38 10 50 50
0483_0028_0025_0068_0068.jpg 1 28 25 68 68
0484_0011_0020_0062_0062.jpg 1 11 20 62 62
0485_0024_0046_0040_0040.jpg 1 24 46 40 40
0486_0058_0040_0033_0033.jpg 1 58 40 33 33
0487_0031_0058_0030_0030.jpg 1 31 58 30 30
0488_0031_0042_0042_0042.jpg 1 31 42 42 42
0489_0034_0029_0044_0044.jpg 1 34 29 44 44
0490_0009_0014_0057_0057.jpg 1 9 14 57 57
0491_0015_0016_0062_0062.jpg 1 15 16 62 62
0492_0034_0038_0045_0045.jpg 1 34 38 45 45
0493_0009_0030_0056_0056.jpg 1 9 30 56 56
0494_0027_0028_0068_0068.jpg 1 27 28 68 68
0495_0018_0041_0045_0045.jpg 1 18 41 45 45
0496_0059_0044_0034_0034.jpg 1 59 44 34 34
0497_0042_0029_0028_0028.jpg 1 42 29 28 28
0498_0033_0023_0041_0041.jpg 1 33 23 41 41
0499_0034_0010_0053_0053.jpg 1 34 10 53 53
0500_0014_0030_0051_0051.jpg 1 14 30 51 51
0501_0012_0008_0042_0042.jpg 1 12 8 42 42
0502_0007_0025_0043_0043.jpg 1 7 25 43 43
0503_0022_0026_0069_0069.jpg 1 22 26 69 69
0504_0034_0017_0037_0037.jpg 1 34 17 37 37
0505_0034_0031_0058_0058.jpg 1 34 31 58 58
0506_0006_0038_0048_0048.jpg 1 6 38 48 48
0507_0034_0015_0057_0057.jpg 1 34 15 57 57
0508_0023_0037_0047_0047.jpg 1 23 37 47 47
0509_0026_0045_0044_0044.jpg 1 26 45 44 44
0510_0025_0009_0048_0048.jpg 1 25 9 48 48
0511_0021_0015_0064_0064.jpg 1 21 15 64 64
0512_0005_0032_0049_0049.jpg 1 5 32 49 49
0513_0022_0025_0045_0045.jpg 1 22 25 45 45
0514_0009_0036_0056_0056.jpg 1 9 36 56 56
0515_0024_0022_0059_0059.jpg 1 24 22 59 59
0516_0017_0028_0035_0035.jpg 1 17 28 35 35
0517_0022_0019_0057_0057.jpg 1 22 19 57 57
0518_0054_0039_0028_0028.jpg 1 54 39 28 28
0519_0016_0019_0068_0068.jpg 1 16 19 68 68
0520_0007_0020_0066_0066.jpg 1 7 20 66 66
0521_0034_0022_0056_0056.jpg 1 34 22 56 56
0522_0013_0024_0053_0053.jpg 1 13 24 53 53
0523_0050_0056_0025_0025.jpg 1 50 56 25 25
0524_0030_0008_0047_0047.jpg 1 30 8 47 47
0525_0028_0013_0046_0046.jpg 1 28 13 46 46
0526_0025_0031_0063_0063.jpg 1 25 31 63 63
0527_0037_0051_0032_0032.jpg 1 37 51 32 32
0528_0028_0032_0050_0050.jpg 1 28 32 50 50
0529_0008_0017_0065_0065.jpg 1 8 17 65 65
0530_0028_0046_0048_0048.jpg 1 28 46 48 48
0531_0004_0014_0058_0058.jpg 1 4 14 58 58
0532_0010_0020_0061_0061.jpg 1 10 20 61 61
0533_0018_0018_0046_0046.jpg 1 18 18 46 46
0534_0017_0010_0046_0046.jpg 1 17 10 46 46
0535_0018_0004_0069_0069.jpg 1 18 4 69 69
0536_0038_0025_0026_0026.jpg 1 38 25 26 26
0537_0014_0020_0033_0033.jpg 1 14 20 33 33
0538_0004_0015_0068_0068.jpg 1 4 15 68 68
0539_0050_0033_0034_0034.jpg 1 50 33 34 34
0540_0011_0009_0046_0046.jpg 1 11 9 46 46
0541_0039_0025_0038_0038.jpg 1 39 25 38 38
0542_0019_0037_0049_0049.jpg 1 19 37 49 49
0543_0009_0035_0055_0055.jpg 1 9 35 55 55
0544_0065_0050_0025_0025.jpg 1 65 50 25 25
0545_0028_0034_0055_0055.jpg 1 28 34 55 55
0546_0037_0016_0050_0050.jpg 1 37 16 50 50
0547_0010_0008_0055_0055.jpg 1 10 8 55 55
0548_0046_0027_0045_0045.jpg 1 46 27 45 45
0549_0035_0024_0059_0059.jpg 1 35 24 59 59
0550_0039_0008_0042_0042.jpg 1 39 8 42 42
0551_0025_0018_0068_0068.jpg 1 25 18 68 68
0552_0029_0015_0043_0043.jpg 1 29 15 43 43
0553_0032_0034_0044_0044.jpg 1 32 34 44 44
0554_0051_0008_0028_0028.jpg 1 51 8 28 28
0555_0015_0014_0026_0026.jpg 1 15 14 26 26
0556_0054_0045_0033_0033.jpg 1 54 45 33 33
0557_0016_0034_0058_0058.jpg 1 16 34 58 58
0558_0031_0034_0059_0059.jpg 1 31 34 59 59
0559_0054_0022_0030_0030.jpg 1 54 22 30 30
0560_0030_0020_0056_0056.jpg 1 30 20 56 56
0561_0006_0041_0049_0049.jpg 1 6 41 49 49
0562_0041_0029_0050_0050.jpg 1 41 29 50 50
0563_0034_0048_0026_0026.jpg 1 34 48 26 26
0564_0051_0048_0036_0036.jpg 1 51 48 36 36
0565_0041_0030_0049_0049.jpg 1 41 30 49 49
0566_0007_0013_0046_0046.jpg 1 7 13 46 46
0567_0028_0042_0039_0039.jpg 1 28 42 39 39
0568_0024_0016_0030_0030.jpg 1 24 16 30 30
0569_0014_0028_0052_0052.jpg 1 14 28 52 52
0570_0055_0055_0035_0035.jpg 1 55 55 35 35
0571_0005_0015_0067_0067.jpg 1 5 15 67 67
0572_0038_0056_0033_0033.jpg 1 38 56 33 33
0573_0053_0047_0038_0038.jpg 1 53 47 38 38
0574_0007_0018_0058_0058.jpg 1 7 18 58 58
0575_0036_0019_0043_0043.jpg 1 36 19 43 43
0576_0050_0013_0038_0038.jpg 1 50 13 38 38
0577_0056_0018_0024_0024.jpg 1 56 18 24 24
0578_0035_0026_0053_0053.jpg 1 35 26 53 53
0579_0012_0039_0051_0051.jpg 1 12 39 51 51
0580_0041_0048_0030_0030.jpg 1 41 48 30 30
0581_0054_0046_0039_0039.jpg 1 54 46 39 39
0582_0024_0035_0054_0054.jpg 1 24 35 54 54
0583_0046_0020_0043_0043.jpg 1 46 20 43 43
0584_0017_0034_0045_0045.jpg 1 17 34 45 45
0585_0006_0004_0056_0056.jpg 1 6 4 56 56
0586_0012_0025_0030_0030.jpg 1 12 25 30 30
0587_0042_0020_0049_0049.jpg 1 42 20 49 49
0588_0026_0019_0058_0058.jpg 1 26 19 58 58
0589_0032_0063_0024_0024.jpg 1 32 63 24 24
0590_0043_0017_0038_0038.jpg 1 43 17 38 38
0591_0035_0042_0029_0029.jpg 1 35 42 29 29
0592_0011_0017_0066_0066.jpg 1 11 17 66 66
0593_0027_0031_0030_0030.jpg 1 27 31 30 30
0594_0013_0034_0048_0048.jpg 1 13 34 48 48
0595_0032_0017_0062_0062.jpg 1 32 17 62 62
0596_0018_0007_0042_0042.jpg 1 18 7 42 42
0597_0016_0004_0060_0060.jpg 1 16 4 60 60
0598_0011_0018_0060_0060.jpg 1 11 18 60 60
0599_0020_0022_0060_0060.jpg 1 20 22 60 60
0600_0044_0012_0043_0043.jpg 1 44 12 43 43
0601_0029_0049_0042_0042.jpg 1 29 49 42 42
0602_0027_0036_0048_0048.jpg 1 27 36 48 48
0603_0009_0014_0067_0067.jpg 1 9 14 67 67
0604_0054_0018_0029_0029.jpg 1 54 18 29 29
0605_0045_0018_0041_0041.jpg 1 45 18 41 41
0606_0014_0051_0041_0041.jpg 1 14 51 41 41
0607_0037_0011_0044_0044.jpg 1 37 11 44 44
0608_0031_0039_0043_0043.jpg 1 31 39 43 43
0609_0009_0028_0060_0060.jpg 1 9 28 60 60
0610_0011_0011_0047_0047.jpg 1 11 11 47 47
0611_0038_0032_0045_0045.jpg 1 38 32 45 45
0612_0028_0016_0030_0030.jpg 1 28 16 30 30
0613_0047_0045_0037_0037.jpg 1 47 45 37 37
0614_0046_0032_0047_0047.jpg 1 46 32 47 47
0615_0024_0025_0039_0039.jpg 1 24 25 39 39
0616_0032_0027_0057_0057.jpg 1 32 27 57 57
0617_0033_0048_0031_0031.jpg 1 33 48 31 31
0618_0009_0009_0055_0055.jpg 1 9 9 55 55
0619_0030_0009_0066_0066.jpg 1 30 9 66 66
0620_0004_0023_0065_0065.jpg 1 4 23 65 65
0621_0010_0013_0034_0034.jpg 1 10 13 34 34
0622_0013_0032_0033_0033.jpg 1 13 32 33 33
0623_0022_0018_0037_0037.jpg 1 22 18 37 37
0624_0012_0009_0026_0026.jpg 1 12 9 26 26
0625_0015_0011_0065_0065.jpg 1 15 11 65 65
0626_0011_0011_0056_0056.jpg 1 11 11 56 56
0627_0012_0014_0069_0069.jpg 1 12 14 69 69
0628_0016_0009_0066_0066.jpg 1 16 9 66 66
0629_0041_0006_0040_0040.jpg 1 41 6 40 40
0630_0009_0029_0039_0039.jpg 1 9 29 39 39
0631_0010_0027_0067_0067.jpg 1 10 27 67 67
0632_0042_0007_0030_0030.jpg 1 42 7 30 30
0633_0008_0042_0052_0052.jpg 1 8 42 52 52
0634_0045_0048_0043_0043.jpg 1 45 48 43 43
0635_0009_0035_0060_0060.jpg 1 9 35 60 60
0636_0025_0040_0040_0040.jpg 1 25 40 40 40
0637_0024_0014_0030_0030.jpg 1 24 14 30 30
0638_0044_0042_0050_0050.jpg 1 44 42 50 50
0639_0009_0028_0060_0060.jpg 1 9 28 60 60
0640_0029_0031_0056_0056.jpg 1 29 31 56 56
0641_0048_0018_0033_0033.jpg 1 48 18 33 33
0642_0053_0051_0028_0028.jpg 1 53 51 28 28
0643_0043_0032_0050_0050.jpg 1 43 32 50 50
0644_0012_0016_0050_0050.jpg 1 12 16 50 50
0645_0007_0012_0060_0060.jpg 1 7 12 60 60
0646_0034_0007_0040_0040.jpg 1 34 7 40 40
0647_0021_0025_0057_0057.jpg 1 21 25 57 57
0648_0009_0026_0037_0037.jpg 1 9 26 37 37
0649_0006_0022_0060_0060.jpg 1 6 22 60 60
0650_0035_0045_0044_0044.jpg 1 35 45 44 44
0651_0021_0025_0034_0034.jpg 1 21 25 34 34
0652_0024_0011_0028_0028.jpg 1 24 11 28 28
0653_0012_0010_0064_0064.jpg 1 12 10 64 64
0654_0003_0029_0065_0065.jpg 1 3 29 65 65
0655_0019_0016_0038_0038.jpg 1 19 16 38 38
0656_0013_0006_0048_0048.jpg 1 13 6 48 48
0657_0009_0040_0046_0046.jpg 1 9 40 46 46
0658_0018_0010_0030_0030.jpg 1 18 10 30 30
0659_0037_0036_0047_0047.jpg 1 37 36 47 47
0660_0034_0045_0035_0035.jpg 1 34 45 35 35
0661_0007_0006_0060_0060.jpg 1 7 6 60 60
0662_0024_0014_0046_0046.jpg 1 24 14 46 46
0663_0009_0039_0053_0053.jpg 1 9 39 53 53
0664_0048_0051_0030_0030.jpg 1 48 51 30 30
0665_0041_0020_0035_0035.jpg 1 41 20 35 35
0666_0032_0017_0052_0052.jpg 1 32 17 52 52
0667_0015_0018_0043_0043.jpg 1 15 18 43 43
0668_0007_0032_0035_0035.jpg 1 7 32 35 35
0669_0018_0042_0027_0027.jpg 1 18 42 27 27
0670_0008_0016_0066_0066.jpg 1 8 16 66 66
0671_0023_0016_0069_0069.jpg 1 23 16 69 69
0672_0031_0020_0061_0061.jpg 1 31 20 61 61
0673_0029_0018_0047_0047.jpg 1 29 18 47 47
0674_0060_0013_0027_0027.jpg 1 60 13 27 27
0675_0027_0013_0055_0055.jpg 1 27 13 55 55
0676_0016_0041_0036_0036.jpg 1 16 41 36 36
0677_0019_0008_0051_0051.jpg 1 19 8 51 51
0678_0015_0013_0041_0041.jpg 1 15 13 41 41
0679_0022_0009_0049_0049.jpg 1 22 9 49 49
0680_0042_0008_0033_0033.jpg 1 42 8 33 33
0681_0018_0018_0049_0049.jpg 1 18 18 49 49
0682_0024_0027_0037_0037.jpg 1 24 27 37 37
0683_0024_0019_0060_0060.jpg 1 24 19 60 60
0684_0063_0048_0026_0026.jpg 1 63 48 26 26
0685_0021_0049_0041_0041.jpg 1 21 49 41 41
0686_0022_0020_0050_0050.jpg 1 22 20 50 50
0687_0030_0013_0032_0032.jpg 1 30 13 32 32
0688_0029_0024_0045_0045.jpg 1 29 24 45 45
0689_0016_0014_0067_0067.jpg 1 16 14 67 67
0690_0019_0038_0050_0050.jpg 1 19 38 50 50
0691_0008_0054_0030_0030.jpg 1 8 54 30 30
0692_0031_0010_0065_0065.jpg 1 31 10 65 65
0693_0014_0003_0068_0068.jpg 1 14 3 68 68
0694_0012_0018_0064_0064.jpg 1 12 18 64 64
0695_0019_0020_0056_0056.jpg 1 19 20 56 56
0696_0030_0038_0039_0039.jpg 1 30 38 39 39
0697_0035_0039_0030_0030.jpg 1 35 39 30 30
0698_0062_0008_0027_0027.jpg 1 62 8 27 27
0699_0009_0007_0068_0068.jpg 1 9 7 68 68
0700_0026_0011_0062_0062.jpg 1 26 11 62 62
0701_0023_0012_0067_0067.jpg 1 23 12 67 67
0702_0012_0034_0054_0054.jpg 1 12 34 54 54
0703_0013_0045_0042_0042.jpg 1 13 45 42 42
0704_0015_0032_0040_0040.jpg 1 15 32 40 40
0705_0020_0021_0066_0066.jpg 1 20 21 66 66
0706_0019_0014_0060_0060.jpg 1 19 14 60 60
0707_0019_0030_0058_0058.jpg 1 19 30 58 58
0708_0022_0007_0061_0061.jpg 1 22 7 61 61
0709_0028_0050_0031_0031.jpg 1 28 50 31 31
0710_0013_0041_0047_0047.jpg 1 13 41 47 47
0711_0038_0018_0049_0049.jpg 1 38 18 49 49
0712_0043_0027_0036_0036.jpg 1 43 27 36 36
0713_0035_0048_0025_0025.jpg 1 35 48 25 25
0714_0031_0046_0037_0037.jpg 1 31 46 37 37
0715_0013_0007_0045_0045.jpg 1 13 7 45 45
0716_0029_0011_0060_0060.jpg 1 29 11 60 60
0717_0033_0036_0056_0056.jpg 1 33 36 56 56
0718_0047_0036_0047_0047.jpg 1 47 36 47 47
0719_0038_0034_0050_0050.jpg 1 38 34 50 50
0720_0017_0011_0026_0026.jpg 1 17 11 26 26
0721_0033_0038_0049_0049.jpg 1 33 38 49 49
0722_0014_0005_0063_0063.jpg 1 14 5 63 63
0723_0043_0039_0051_0051.jpg 1 43 39 51 51
0724_0034_0011_0052_0052.jpg 1 34 11 52 52
0725_0017_0007_0042_0042.jpg 1 17 7 42 42
0726_0028_0008_0064_0064.jpg 1 28 8 64 64
0727_0015_0058_0029_0029.jpg 1 15 58 29 29
0728_0021_0030_0055_0055.jpg 1 21 30 55 55
0729_0020_0009_0066_0066.jpg 1 20 9 66 66
0730_0013_0044_0046_0046.jpg 1 13 44 46 46
0731_0028_0027_0026_0026.jpg 1 28 27 26 26
0732_0016_0009_0062_0062.jpg 1 16 9 62 62
0733_0024_0021_0059_0059.jpg 1 24 21 59 59
0734_0030_0025_0038_0038.jpg 1 30 25 38 38
0735_0036_0048_0034_0034.jpg 1 36 48 34 34
0736_0015_0029_0024_0024.jpg 1 15 29 24 24
0737_0014_0022_0049_0049.jpg 1 14 22 49 49
0738_0043_0038_0044_0044.jpg 1 43 38 44 44
0739_0007_0005_0060_0060.jpg 1 7 5 60 60
0740_0052_0012_0040_0040.jpg 1 52 12 40 40
0741_0023_0025_0037_0037.jpg 1 23 25 37 37
0742_0023_0007_0056_0056.jpg 1 23 7 56 56
0743_0049_0052_0025_0025.jpg 1 49 52 25 25
0744_0035_0006_0041_0041.jpg 1 35 6 41 41
0745_0030_0036_0051_0051.jpg 1 30 36 51 51
0746_0063_0054_0029_0029.jpg 1 63 54 29 29
0747_0026_0008_0046_0046.jpg 1 26 8 46 46
0748_0060_0041_0029_0029.jpg 1 60 41 29 29
0749_0034_0007_0058_0058.jpg 1 34 7 58 58
0750_0012_0005_0061_0061.jpg 1 12 5 61 61
0751_0033_0009_0047_0047.jpg 1 33 9 47 47
0752_0019_0038_0030_0030.jpg 1 19 38 30 30
0753_0004_0019_0068_0068.jpg 1 4 19 68 68
0754_0013_0009_0056_0056.jpg 1 13 9 56 56
0755_0045_0041_0036_0036.jpg 1 45 41 36 36
0756_0019_0013_0059_0059.jpg 1 19 13 59 59
0757_0029_0015_0057_0057.jpg 1 29 15 57 57
0758_0058_0006_0035_0035.jpg 1 58 6 35 35
0759_0025_0019_0067_0067.jpg 1 25 19 67 67
0760_0022_0007_0069_0069.jpg 1 22 7 69 69
0761_0023_0023_0044_0044.jpg 1 23 23 44 44
0762_0027_0026_0059_0059.jpg 1 27 26 59 59
0763_0023_0061_0032_0032.jpg 1 23 61 32 32
0764_0008_0035_0057_0057.jpg 1 8 35 57 57
0765_0012_0027_0052_0052.jpg 1 12 27 52 52
0766_0032_0008_0054_0054.jpg 1 32 8 54 54
0767_0042_0036_0043_0043.jpg 1 42 36 43 43
0768_0026_0007_0047_0047.jpg 1 26 7 47 47
0769_0005_0024_0054_0054.jpg 1 5 24 54 54
0770_0034_0029_0056_0056.jpg 1 34 29 56 56
0771_0009_0031_0027_0027.jpg 1 9 31 27 27
0772_0025_0052_0031_0031.jpg 1 25 52 31 31
0773_0033_0031_0058_0058.jpg 1 33 31 58 58
0774_0016_0015_0037_0037.jpg 1 16 15 37 37
0775_0020_0032_0051_0051.jpg 1 20 32 51 51
0776_0033_0030_0051_0051.jpg 1 33 30 51 51
0777_0023_0038_0056_0056.jpg 1 23 38 56 56
0778_0029_0038_0037_0037.jpg 1 29 38 37 37
0779_0032_0022_0028_0028.jpg 1 32 22 28 28
0780_0012_0046_0025_0025.jpg 1 12 46 25 25
0781_0049_0059_0033_0033.jpg 1 49 59 33 33
0782_0057_0063_0028_0028.jpg 1 57 63 28 28
0783_0010_0014_0057_0057.jpg 1 10 14 57 57
0784_0039_0053_0028_0028.jpg 1 39 53 28 28
0785_0045_0057_0030_0030.jpg 1 45 57 30 30
0786_0013_0045_0046_0046.jpg 1 13 45 46 46
0787_0013_0033_0055_0055.jpg 1 13 33 55 55
0788_0047_0048_0035_0035.jpg 1 47 48 35 35
0789_0049_0028_0037_0037.jpg 1 49 28 37 37
0790_0049_0048_0038_0038.jpg 1 49 48 38 38
0791_0029_0009_0054_0054.jpg 1 29 9 54 54
0792_0030_0044_0027_0027.jpg 1 30 44 27 27
0793_0042_0018_0039_0039.jpg 1 42 18 39 39
0794_0012_0044_0049_0049.jpg 1 12 44 49 49
0795_0036_0047_0031_0031.jpg 1 36 47 31 31
0796_0018_0023_0067_0067.jpg 1 18 23 67 67
0797_0008_0020_0069_0069.jpg 1 8 20 69 69
0798_0008_0025_0066_0066.jpg 1 8 25 66 66
0799_0027_0011_0054_0054.jpg 1 27 11 54 54
0800_0026_0031_0040_0040.jpg 1 26 31 40 40
0801_0016_0023_0042_0042.jpg 1 16 23 42 42
0802_0039_0043_0038_0038.jpg 1 39 43 38 38
0803_0023_0012_0066_0066.jpg 1 23 12 66 66
0804_0029_0046_0026_0026.jpg 1 29 46 26 26
0805_0038_0020_0048_0048.jpg 1 38 20 48 48
0806_0026_0053_0028_0028.jpg 1 26 53 28 28
0807_0015_0054_0029_0029.jpg 1 15 54 29 29
0808_0041_0021_0033_0033.jpg 1 41 21 33 33
0809_0039_0007_0029_0029.jpg 1 39 7 29 29
0810_0050_0044_0032_0032.jpg 1 50 44 32 32
0811_0009_0030_0040_0040.jpg 1 9 30 40 40
0812_0039_0032_0047_0047.jpg 1 39 32 47 47
0813_0013_0043_0050_0050.jpg 1 13 43 50 50
0814_0056_0053_0036_0036.jpg 1 56 53 36 36
0815_0040_0054_0038_0038.jpg 1 40 54 38 38
0816_0008_0030_0059_0059.jpg 1 8 30 59 59
0817_0044_0030_0050_0050.jpg 1 44 30 50 50
0818_0026_0025_0038_0038.jpg 1 26 25 38 38
0819_0026_0013_0060_0060.jpg 1 26 13 60 60
0820_0016_0011_0065_0065.jpg 1 16 11 65 65
0821_0019_0026_0028_0028.jpg 1 19 26 28 28
0822_0035_0034_0032_0032.jpg 1 35 34 32 32
0823_0015_0055_0031_0031.jpg 1 15 55 31 31
0824_0032_0033_0046_0046.jpg 1 32 33 46 46
0825_0005_0028_0065_0065.jpg 1 5 28 65 65
0826_0007_0035_0042_0042.jpg 1 7 35 42 42
0827_0050_0006_0038_0038.jpg 1 50 6 38 38
0828_0006_0042_0052_0052.jpg 1 6 42 52 52
0829_0055_0025_0033_0033.jpg 1 55 25 33 33
0830_0025_0034_0028_0028.jpg 1 25 34 28 28
0831_0024_0025_0063_0063.jpg 1 24 25 63 63
0832_0053_0030_0034_0034.jpg 1 53 30 34 34
0833_0017_0010_0031_0031.jpg 1 17 10 31 31
0834_0016_0044_0029_0029.jpg 1 16 44 29 29
0835_0040_0014_0051_0051.jpg 1 40 14 51 51
0836_0030_0035_0047_0047.jpg 1 30 35 47 47
0837_0009_0027_0056_0056.jpg 1 9 27 56 56
0838_0019_0033_0038_0038.jpg 1 19 33 38 38
0839_0061_0052_0025_0025.jpg 1 61 52 25 25
0840_0025_0013_0041_0041.jpg 1 25 13 41 41
0841_0027_0059_0027_0027.jpg 1 27 59 27 27
0842_0061_0059_0028_0028.jpg 1 61 59 28 28
0843_0036_0060_0027_0027.jpg 1 36 60 27 27
0844_0011_0038_0025_0025.jpg 1 11 38 25 25
0845_0008_0020_0035_0035.jpg 1 8 20 35 35
0846_0023_0006_0034_0034.jpg 1 23 6 34 34
0847_0050_0037_0038_0038.jpg 1 50 37 38 38
0848_0030_0025_0064_0064.jpg 1 30 25 64 64
0849_0034_0039_0036_0036.jpg 1 34 39 36 36
0850_0044_0042_0043_0043.jpg 1 44 42 43 43
0851_0040_0020_0052_0052.jpg 1 40 20 52 52
0852_0024_0031_0046_0046.jpg 1 24 31 46 46
0853_0025_0047_0035_0035.jpg 1 25 47 35 35
0854_0029_0047_0035_0035.jpg 1 29 47 35 35
0855_0024_0049_0041_0041.jpg 1 24 49 41 41
0856_0038_0009_0035_0035.jpg 1 38 9 35 35
0857_0018_0015_0069_0069.jpg 1 18 15 69 69
0858_0017_0029_0044_0044.jpg 1 17 29 44 44
0859_0018_0019_0066_0066.jpg 1 18 19 66 66
0860_0030_0017_0061_0061.jpg 1 30 17 61 61
0861_0052_0007_0031_0031.jpg 1 52 7 31 31
0862_0008_0028_0038_0038.jpg 1 8 28 38 38
0863_0059_0062_0028_0028.jpg 1 59 62 28 28
0864_0014_0030_0043_0043.jpg 1 14 30 43 43
0865_0024_0032_0040_0040.jpg 1 24 32 40 40
0866_0027_0031_0027_0027.jpg 1 27 31 27 27
0867_0045_0058_0026_0026.jpg 1 45 58 26 26
0868_0008_0033_0062_0062.jpg 1 8 33 62 62
0869_0009_0012_0060_0060.jpg 1 9 12 60 60
0870_0016_0029_0045_0045.jpg 1 16 29 45 45
0871_0024_0029_0062_0062.jpg 1 24 29 62 62
0872_0010_0023_0061_0061.jpg 1 10 23 61 61
0873_0056_0028_0033_0033.jpg 1 56 28 33 33
0874_0046_0035_0045_0045.jpg 1 46 35 45 45
0875_0033_0041_0035_0035.jpg 1 33 41 35 35
0876_0028_0008_0064_0064.jpg 1 28 8 64 64
0877_0010_0025_0028_0028.jpg 1 10 25 28 28
0878_0018_0012_0057_0057.jpg 1 18 12 57 57
0879_0010_0014_0065_0065.jpg 1 10 14 65 65
0880_0009_0031_0054_0054.jpg 1 9 31 54 54
0881_0006_0021_0058_0058.jpg 1 6 21 58 58
0882_0048_0031_0029_0029.jpg 1 48 31 29 29
0883_0010_0021_0054_0054.jpg 1 10 21 54 54
0884_0015_0049_0026_0026.jpg 1 15 49 26 26
0885_0048_0060_0028_0028.jpg 1 48 60 28 28
0886_0029_0049_0028_0028.jpg 1 29 49 28 28
0887_0013_0005_0064_0064.jpg 1 13 5 64 64
0888_0039_0017_0038_0038.jpg 1 39 17 38 38
0889_0022_0006_0069_0069.jpg 1 22 6 69 69
0890_0023_0006_0041_0041.jpg 1 23 6 41 41
0891_0046_0042_0033_0033.jpg 1 46 42 33 33
0892_0017_0022_0069_0069.jpg 1 17 22 69 69
0893_0005_0028_0057_0057.jpg 1 5 28 57 57
0894_0061_0031_0029_0029.jpg 1 61 31 29 29
0895_0020_0066_0026_0026.jpg 1 20 66 26 26
0896_0057_0035_0027_0027.jpg 1 57 35 27 27
0897_0018_0026_0045_0045.jpg 1 18 26 45 45
0898_0007_0012_0025_0025.jpg 1 7 12 25 25
0899_0024_0022_0064_0064.jpg 1 24 22 64 64
0900_0023_0053_0031_0031.jpg 1 23 53 31 31
0901_0015_0024_0054_0054.jpg 1 15 24 54 54
0902_0045_0026_0039_0039.jpg 1 45 26 39 39
0903_0057_0019_0030_0030.jpg 1 57 19 30 30
0904_0040_0008_0044_0044.jpg 1 40 8 44 44
0905_0041_0021_0038_0038.jpg 1 41 21 38 38
0906_0019_0006_0063_0063.jpg 1 19 6 63 63
0907_0024_0048_0040_0040.jpg 1 24 48 40 40
0908_0041_0017_0033_0033.jpg 1 41 17 33 33
0909_0027_0008_0066_0066.jpg 1 27 8 66 66
0910_0042_0036_0044_0044.jpg 1 42 36 44 44
0911_0019_0031_0049_0049.jpg 1 19 31 49 49
0912_0023_0004_0054_0054.jpg 1 23 4 54 54
0913_0026_0012_0052_0052.jpg 1 26 12 52 52
0914_0027_0039_0040_0040.jpg 1 27 39 40 40
0915_0020_0029_0049_0049.jpg 1 20 29 49 49
0916_0019_0033_0054_0054.jpg 1 19 33 54 54
0917_0014_0024_0032_0032.jpg 1 14 24 32 32
0918_0037_0029_0033_0033.jpg 1 37 29 33 33
0919_0030_0012_0057_0057.jpg 1 30 12 57 57
0920_0019_0013_0045_0045.jpg 1 19 13 45 45
0921_0030_0016_0064_0064.jpg 1 30 16 64 64
0922_0021_0035_0060_0060.jpg 1 21 35 60 60
0923_0030_0012_0035_0035.jpg 1 30 12 35 35
0924_0024_0028_0048_0048.jpg 1 24 28 48 48
0925_0010_0026_0067_0067.jpg 1 10 26 67 67
0926_0020_0032_0042_0042.jpg 1 20 32 42 42
0927_0044_0038_0040_0040.jpg 1 44 38 40 40
0928_0028_0027_0052_0052.jpg 1 28 27 52 52
0929_0023_0006_0050_0050.jpg 1 23 6 50 50
0930_0027_0014_0057_0057.jpg 1 27 14 57 57
0931_0056_0012_0029_0029.jpg 1 56 12 29 29
0932_0027_0011_0043_0043.jpg 1 27 11 43 43
0933_0010_0022_0067_0067.jpg 1 10 22 67 67
0934_0041_0058_0028_0028.jpg 1 41 58 28 28
0935_0004_0010_0063_0063.jpg 1 4 10 63 63
0936_0040_0057_0035_0035.jpg 1 40 57 35 35
0937_0036_0024_0053_0053.jpg 1 36 24 53 53
0938_0044_0031_0047_0047.jpg 1 44 31 47 47
0939_0018_0031_0048_0048.jpg 1 18 31 48 48
0940_0038_0031_0050_0050.jpg 1 38 31 50 50
0941_0014_0045_0047_0047.jpg 1 14 45 47 47
0942_0015_0022_0052_0052.jpg 1 15 22 52 52
0943_0047_0051_0036_0036.jpg 1 47 51 36 36
0944_0039_0033_0054_0054.jpg 1 39 33 54 54
0945_0015_0013_0069_0069.jpg 1 15 13 69 69
0946_0023_0009_0051_0051.jpg 1 23 9 51 51
0947_0007_0029_0059_0059.jpg 1 7 29 59 59
0948_0011_0017_0033_0033.jpg 1 11 17 33 33
0949_0056_0055_0031_0031.jpg 1 56 55 31 31
0950_0023_0014_0068_0068.jpg 1 23 14 68 68
0951_0014_0023_0048_0048.jpg 1 14 23 48 48
0952_0021_0012_0051_0051.jpg 1 21 12 51 51
0953_0027_0032_0056_0056.jpg 1 27 32 56 56
0954_0032_0038_0057_0057.jpg 1 32 38 57 57
0955_0020_0026_0068_0068.jpg 1 20 26 68 68
0956_0040_0023_0037_0037.jpg 1 40 23 37 37
0957_0033_0005_0058_0058.jpg 1 33 5 58 58
0958_0005_0017_0046_0046.jpg 1 5 17 46 46
0959_0017_0019_0043_0043.jpg 1 17 19 43 43
0960_0030_0012_0057_0057.jpg 1 30 12 57 57
0961_0057_0040_0029_0029.jpg 1 57 40 29 29
0962_0060_0036_0027_0027.jpg 1 60 36 27 27
0963_0028_0042_0031_0031.jpg 1 28 42 31 31
0964_0013_0022_0038_0038.jpg 1 13 22 38 38
0965_0020_0032_0049_0049.jpg 1 20 32 49 49
0966_0039_0026_0052_0052.jpg 1 39 26 52 52
0967_0041_0033_0038_0038.jpg 1 41 33 38 38
0968_0025_0035_0055_0055.jpg 1 25 35 55 55
0969_0007_0057_0034_0034.jpg 1 7 57 34 34
0970_0035_0007_0027_0027.jpg 1 35 7 27 27
0971_0020_0025_0063_0063.jpg 1 20 25 63 63
0972_0006_0023_0054_0054.jpg 1 6 23 54 54
0973_0054_0009_0033_0033.jpg 1 54 9 33 33
0974_0009_0022_0032_0032.jpg 1 9 22 32 32
0975_0045_0026_0039_0039.jpg 1 45 26 39 39
0976_0014_0029_0063_0063.jpg 1 14 29 63 63
0977_0019_0018_0051_0051.jpg 1 19 18 51 51
0978_0024_0027_0063_0063.jpg 1 24 27 63 63
0979_0014_0011_0068_0068.jpg 1 14 11 68 68
0980_0027_0023_0059_0059.jpg 1 27 23 59 59
0981_0067_0014_0024_0024.jpg 1 67 14 24 24
0982_0016_0042_0042_0042.jpg 1 16 42 42 42
0983_0052_0044_0027_0027.jpg 1 52 44 27 27
0984_0028_0006_0066_0066.jpg 1 28 6 66 66
0985_0043_0056_0024_0024.jpg 1 43 56 24 24
0986_0021_0040_0050_0050.jpg 1 21 40 50 50
0987_0022_0016_0068_0068.jpg 1 22 16 68 68
0988_0035_0013_0040_0040.jpg 1 35 13 40 40
0989_0016_0057_0029_0029.jpg 1 16 57 29 29
0990_0027_0022_0058_0058.jpg 1 27 22 58 58
0991_0046_0007_0029_0029.jpg 1 46 7 29 29
0992_0013_0041_0030_0030.jpg 1 13 41 30 30
0993_0009_0023_0065_0065.jpg 1 9 23 65 65
0994_0021_0018_0065_0065.jpg 1 21 18 65 65
0995_0013_0045_0046_0046.jpg 1 13 45 46 46
0996_0007_0028_0045_0045.jpg 1 7 28 45 45
0997_0058_0049_0029_0029.jpg 1 58 49 29 29
0998_0019_0025_0065_0065.jpg 1 19 25 65 65
0999_0031_0019_0056_0056.jpg 1 31 19 56 56
1000_0020_0037_0046_0046.jpg 1 20 37 46 46
1001_0008_0036_0030_0030.jpg 1 8 36 30 30
1002_0008_0055_0032_0032.jpg 1 8 55 32 32
1003_0030_0011_0057_0057.jpg 1 30 11 57 57
1004_0041_0051_0029_0029.jpg 1 41 51 29 29
1005_0013_0007_0050_0050.jpg 1 13 7 50 50
1006_0017_0035_0054_0054.jpg 1 17 35 54 54
1007_0007_0039_0041_0041.jpg 1 7 39 41 41
1008_0007_0048_0045_0045.jpg 1 7 48 45 45
1009_0004_0026_0068_0068.jpg 1 4 26 68 68
1010_0051_0056_0032_0032.jpg 1 51 56 32 32
1011_0009_0014_0033_0033.jpg 1 9 14 33 33
1012_0018_0020_0042_0042.jpg 1 18 20 42 42
1013_0017_0035_0054_0054.jpg 1 17 35 54 54
1014_0026_0045_0039_0039.jpg 1 26 45 39 39
1015_0021_0015_0049_0049.jpg 1 21 15 49 49
1016_0024_0008_0043_0043.jpg 1 24 8 43 43
1017_0017_0008_0038_0038.jpg 1 17 8 38 38
1018_0017_0027_0066_0066.jpg 1 17 27 66 66
1019_0055_0015_0036_0036.jpg 1 55 15 36 36
1020_0040_0063_0027_0027.jpg 1 40 63 27 27
1021_0024_0040_0051_0051.jpg 1 24 40 51 51
1022_0008_0041_0046_0046.jpg 1 8 41 46 46
1023_0013_0054_0032_0032.jpg 1 13 54 32 32
1024_0052_0011_0041_0041.jpg 1 52 11 41 41
1025_0012_0042_0049_0049.jpg 1 12 42 49 49
1026_0052_0013_0041_0041.jpg 1 52 13 41 41
1027_0026_0020_0063_0063.jpg 1 26 20 63 63
1028_0036_0034_0058_0058.jpg 1 36 34 58 58
1029_0029_0045_0039_0039.jpg 1 29 45 39 39
1030_0010_0024_0067_0067.jpg 1 10 24 67 67
1031_0019_0038_0044_0044.jpg 1 19 38 44 44
1032_0033_0039_0028_0028.jpg 1 33 39 28 28
1033_0048_0029_0039_0039.jpg 1 48 29 39 39
1034_0025_0004_0058_0058.jpg 1 25 4 58 58
1035_0030_0013_0025_0025.jpg 1 30 13 25 25
1036_0004_0009_0065_0065.jpg 1 4 9 65 65
1037_0035_0050_0032_0032.jpg 1 35 50 32 32
1038_0014_0004_0052_0052.jpg 1 14 4 52 52
1039_0012_0007_0037_0037.jpg 1 12 7 37 37
1040_0008_0008_0046_0046.jpg 1 8 8 46 46
1041_0023_0016_0046_0046.jpg 1 23 16 46 46
1042_0012_0041_0045_0045.jpg 1 12 41 45 45
1043_0008_0026_0066_0066.jpg 1 8 26 66 66
1044_0026_0056_0033_0033.jpg 1 26 56 33 33
1045_0014_0052_0038_0038.jpg 1 14 52 38 38
1046_0019_0010_0068_0068.jpg 1 19 10 68 68
1047_0057_0057_0033_0033.jpg 1 57 57 33 33
1048_0024_0030_0043_0043.jpg 1 24 30 43 43
1049_0012_0014_0039_0039.jpg 1 12 14 39 39
1050_0028_0029_0034_0034.jpg 1 28 29 34 34
1051_0052_0016_0041_0041.jpg 1 52 16 41 41
1052_0031_0022_0030_0030.jpg 1 31 22 30 30
1053_0023_0043_0038_0038.jpg 1 23 43 38 38
1054_0018_0023_0063_0063.jpg 1 18 23 63 63
1055_0030_0042_0025_0025.jpg 1 30 42 25 25
1056_0021_0030_0046_0046.jpg 1 21 30 46 46
1057_0023_0019_0061_0061.jpg 1 23 19 61 61
1058_0015_0031_0054_0054.jpg 1 15 31 54 54
1059_0048_0015_0037_0037.jpg 1 48 15 37 37
1060_0041_0037_0053_0053.jpg 1 41 37 53 53
1061_0016_0011_0056_0056.jpg 1 16 11 56 56
1062_0036_0054_0028_0028.jpg 1 36 54 28 28
1063_0023_0045_0037_0037.jpg 1 23 45 37 37
1064_0030_0036_0040_0040.jpg 1 30 36 40 40
1065_0023_0004_0068_0068.jpg 1 23 4 68 68
1066_0010_0006_0056_0056.jpg 1 10 6 56 56
1067_0033_0014_0048_0048.jpg 1 33 14 48 48
1068_0012_0024_0068_0068.jpg 1 12 24 68 68
1069_0013_0015_0067_0067.jpg 1 13 15 67 67
1070_0040_0028_0024_0024.jpg 1 40 28 24 24
1071_0031_0039_0054_0054.jpg 1 31 39 54 54
1072_0015_0046_0035_0035.jpg 1 15 46 35 35
1073_0027_0004_0069_0069.jpg 1 27 4 69 69
1074_0024_0006_0036_0036.jpg 1 24 6 36 36
1075_0035_0019_0030_0030.jpg 1 35 19 30 30
1076_0024_0029_0038_0038.jpg 1 24 29 38 38
1077_0039_0022_0036_0036.jpg 1 39 22 36 36
1078_0005_0033_0053_0053.jpg 1 5 33 53 53
1079_0029_0031_0064_0064.jpg 1 29 31 64 64
1080_0008_0024_0033_0033.jpg 1 8 24 33 33
1081_0041_0019_0038_0038.jpg 1 41 19 38 38
1082_0025_0017_0052_0052.jpg 1 25 17 52 52
1083_0025_0030_0056_0056.jpg 1 25 30 56 56
1084_0009_0014_0042_0042.jpg 1 9 14 42 42
1085_0037_0005_0057_0057.jpg 1 37 5 57 57
1086_0011_0007_0067_0067.jpg 1 11 7 67 67
1087_0025_0008_0056_0056.jpg 1 25 8 56 56
1088_0011_0022_0069_0069.jpg 1 11 22 69 69
1089_0038_0012_0026_0026.jpg 1 38 12 26 26
1090_0030_0008_0037_0037.jpg 1 30 8 37 37
1091_0027_0015_0065_0065.jpg 1 27 15 65 65
1092_0026_0013_0052_0052.jpg 1 26 13 52 52
1093_0025_0020_0057_0057.jpg 1 25 20 57 57
1094_0037_0008_0044_0044.jpg 1 37 8 44 44
1095_0008_0026_0029_0029.jpg 1 8 26 29 29
1096_0013_0022_0056_0056.jpg 1 13 22 56 56
1097_0030_0017_0043_0043.jpg 1 30 17 43 43
1098_0015_0009_0025_0025.jpg 1 15 9 25 25
1099_0030_0008_0025_0025.jpg 1 30 8 25 25
1100_0016_0015_0040_0040.jpg 1 16 15 40 40
1101_0012_0008_0061_0061.jpg 1 12 8 61 61
1102_0023_0015_0068_0068.jpg 1 23 15 68 68
1103_0010_0009_0037_0037.jpg 1 10 9 37 37
1104_0029_0026_0049_0049.jpg 1 29 26 49 49
1105_0020_0012_0062_0062.jpg 1 20 12 62 62
1106_0036_0039_0039_0039.jpg 1 36 39 39 39
1107_0022_0059_0030_0030.jpg 1 22 59 30 30
1108_0022_0021_0031_0031.jpg 1 22 21 31 31
1109_0036_0050_0030_0030.jpg 1 36 50 30 30
1110_0023_0016_0050_0050.jpg 1 23 16 50 50
1111_0005_0007_0067_0067.jpg 1 5 7 67 67
1112_0023_0016_0066_0066.jpg 1 23 16 66 66
1113_0051_0044_0037_0037.jpg 1 51 44 37 37
1114_0004_0019_0064_0064.jpg 1 4 19 64 64
1115_0053_0042_0027_0027.jpg 1 53 42 27 27
1116_0047_0028_0044_0044.jpg 1 47 28 44 44
1117_0035_0053_0029_0029.jpg 1 35 53 29 29
1118_0008_0032_0040_0040.jpg 1 8 32 40 40
1119_0018_0020_0060_0060.jpg 1 18 20 60 60
1120_0026_0035_0058_0058.jpg 1 26 35 58 58
1121_0005_0029_0066_0066.jpg 1 5 29 66 66
1122_0016_0025_0069_0069.jpg 1 16 25 69 69
1123_0022_0013_0054_0054.jpg 1 22 13 54 54
1124_0013_0049_0028_0028.jpg 1 13 49 28 28
1125_0017_0022_0031_0031.jpg 1 17 22 31 31
1126_0031_0007_0064_0064.jpg 1 31 7 64 64
1127_0023_0019_0056_0056.jpg 1 23 19 56 56
1128_0019_0018_0055_0055.jpg 1 19 18 55 55
1129_0032_0035_0060_0060.jpg 1 32 35 60 60
1130_0007_0037_0055_0055.jpg 1 7 37 55 55
1131_0028_0023_0065_0065.jpg 1 28 23 65 65
1132_0030_0016_0046_0046.jpg 1 30 16 46 46
1133_0028_0017_0056_0056.jpg 1 28 17 56 56
1134_0008_0015_0057_0057.jpg 1 8 15 57 57
1135_0016_0019_0055_0055.jpg 1 16 19 55 55
1136_0006_0030_0056_0056.jpg 1 6 30 56 56
1137_0028_0019_0062_0062.jpg 1 28 19 62 62
1138_0021_0037_0039_0039.jpg 1 21 37 39 39
1139_0015_0020_0026_0026.jpg 1 15 20 26 26
1140_0041_0016_0049_0049.jpg 1 41 16 49 49
1141_0048_0026_0030_0030.jpg 1 48 26 30 30
1142_0016_0009_0066_0066.jpg 1 16 9 66 66
1143_0022_0030_0049_0049.jpg 1 22 30 49 49
1144_0011_0016_0057_0057.jpg 1 11 16 57 57
1145_0044_0017_0041_0041.jpg 1 44 17 41 41
1146_0016_0011_0065_0065.jpg 1 16 11 65 65
1147_0032_0048_0034_0034.jpg 1 32 48 34 34
1148_0036_0013_0039_0039.jpg 1 36 13 39 39
1149_0040_0013_0027_0027.jpg 1 40 13 27 27
1150_0005_0018_0068_0068.jpg 1 5 18 68 68
1151_0006_0011_0068_0068.jpg 1 6 11 68 68
1152_0014_0008_0035_0035.jpg 1 14 8 35 35
1153_0050_0042_0030_0030.jpg 1 50 42 30 30
1154_0015_0018_0058_0058.jpg 1 15 18 58 58
1155_0028_0008_0068_0068.jpg 1 28 8 68 68
1156_0008_0034_0034_0034.jpg 1 8 34 34 34
1157_0008_0036_0036_0036.jpg 1 8 36 36 36
1158_0028_0019_0044_0044.jpg 1 28 19 44 44
1159_0016_0051_0034_0034.jpg 1 16 51 34 34
1160_0015_0014_0053_0053.jpg 1 15 14 53 53
1161_0021_0014_0052_0052.jpg 1 21 14 52 52
1162_0023_0006_0039_0039.jpg 1 23 6 39 39
1163_0010_0009_0057_0057.jpg 1 10 9 57 57
1164_0027_0008_0062_0062.jpg 1 27 8 62 62
1165_0008_0023_0028_0028.jpg 1 8 23 28 28
1166_0042_0012_0037_0037.jpg 1 42 12 37 37
1167_0012_0005_0068_0068.jpg 1 12 5 68 68
1168_0027_0027_0049_0049.jpg 1 27 27 49 49
1169_0007_0033_0053_0053.jpg 1 7 33 53 53
1170_0005_0007_0069_0069.jpg 1 5 7 69 69
1171_0022_0039_0032_0032.jpg 1 22 39 32 32
1172_0060_0030_0027_0027.jpg 1 60 30 27 27
1173_0012_0027_0056_0056.jpg 1 12 27 56 56
1174_0034_0008_0041_0041.jpg 1 34 8 41 41
1175_0046_0053_0026_0026.jpg 1 46 53 26 26
1176_0042_0027_0030_0030.jpg 1 42 27 30 30
1177_0030_0021_0058_0058.jpg 1 30 21 58 58
1178_0027_0019_0068_0068.jpg 1 27 19 68 68
1179_0023_0010_0030_0030.jpg 1 23 10 30 30
1180_0034_0003_0061_0061.jpg 1 34 3 61 61
1181_0009_0008_0042_0042.jpg 1 9 8 42 42
1182_0048_0048_0028_0028.jpg 1 48 48 28 28
1183_0025_0031_0057_0057.jpg 1 25 31 57 57
1184_0020_0029_0065_0065.jpg 1 20 29 65 65
1185_0017_0011_0057_0057.jpg 1 17 11 57 57
1186_0043_0018_0029_0029.jpg 1 43 18 29 29
1187_0024_0044_0048_0048.jpg 1 24 44 48 48
1188_0008_0053_0030_0030.jpg 1 8 53 30 30
1189_0006_0033_0042_0042.jpg 1 6 33 42 42
1190_0017_0029_0041_0041.jpg 1 17 29 41 41
1191_0037_0030_0051_0051.jpg 1 37 30 51 51
1192_0027_0041_0034_0034.jpg 1 27 41 34 34
1193_0024_0014_0038_0038.jpg 1 24 14 38 38
1194_0013_0038_0051_0051.jpg 1 13 38 51 51
1195_0013_0036_0026_0026.jpg 1 13 36 26 26
1196_0041_0031_0051_0051.jpg 1 41 31 51 51
1197_0012_0029_0032_0032.jpg 1 12 29 32 32
1198_0014_0024_0068_0068.jpg 1 14 24 68 68
1199_0050_0019_0038_0038.jpg 1 50 19 38 38
1200_0055_0029_0034_0034.jpg 1 55 29 34 34
1201_0023_0007_0032_0032.jpg 1 23 7 32 32
1202_0022_0015_0052_0052.jpg 1 22 15 52 52
1203_0038_0006_0038_0038.jpg 1 38 6 38 38
1204_0022_0005_0053_0053.jpg 1 22 5 53 53
1205_0022_0042_0050_0050.jpg 1 22 42 50 50
1206_0024_0044_0041_0041.jpg 1 24 44 41 41
1207_0014_0010_0067_0067.jpg 1 14 10 67 67
1208_0011_0010_0062_0062.jpg 1 11 10 62 62
1209_0014_0009_0032_0032.jpg 1 14 9 32 32
1210_0016_0009_0033_0033.jpg 1 16 9 33 33
1211_0030_0024_0056_0056.jpg 1 30 24 56 56
1212_0030_0019_0065_0065.jpg 1 30 19 65 65
1213_0025_0037_0040_0040.jpg 1 25 37 40 40
1214_0030_0047_0038_0038.jpg 1 30 47 38 38
1215_0047_0034_0037_0037.jpg 1 47 34 37 37
1216_0043_0049_0032_0032.jpg 1 43 49 32 32
1217_0031_0027_0025_0025.jpg 1 31 27 25 25
1218_0004_0014_0055_0055.jpg 1 4 14 55 55
1219_0055_0058_0031_0031.jpg 1 55 58 31 31
1220_0016_0020_0067_0067.jpg 1 16 20 67 67
1221_0038_0042_0039_0039.jpg 1 38 42 39 39
1222_0012_0017_0067_0067.jpg 1 12 17 67 67
1223_0030_0045_0047_0047.jpg 1 30 45 47 47
1224_0024_0005_0060_0060.jpg 1 24 5 60 60
1225_0019_0021_0068_0068.jpg 1 19 21 68 68
1226_0014_0033_0043_0043.jpg 1 14 33 43 43
1227_0022_0017_0049_0049.jpg 1 22 17 49 49
1228_0021_0024_0045_0045.jpg 1 21 24 45 45
1229_0009_0038_0028_0028.jpg 1 9 38 28 28
1230_0008_0016_0050_0050.jpg 1 8 16 50 50
1231_0037_0034_0040_0040.jpg 1 37 34 40 40
1232_0030_0013_0050_0050.jpg 1 30 13 50 50
1233_0012_0018_0061_0061.jpg 1 12 18 61 61
1234_0041_0008_0026_0026.jpg 1 41 8 26 26
1235_0015_0050_0034_0034.jpg 1 15 50 34 34
1236_0024_0019_0058_0058.jpg 1 24 19 58 58
1237_0027_0021_0051_0051.jpg 1 27 21 51 51
1238_0007_0033_0059_0059.jpg 1 7 33 59 59
1239_0046_0009_0046_0046.jpg 1 46 9 46 46
1240_0027_0043_0042_0042.jpg 1 27 43 42 42
1241_0005_0026_0053_0053.jpg 1 5 26 53 53
1242_0048_0006_0040_0040.jpg 1 48 6 40 40
1243_0008_0015_0063_0063.jpg 1 8 15 63 63
1244_0005_0032_0060_0060.jpg 1 5 32 60 60
1245_0039_0036_0030_0030.jpg 1 39 36 30 30
1246_0061_0036_0024_0024.jpg 1 61 36 24 24
1247_0007_0036_0033_0033.jpg 1 7 36 33 33
1248_0013_0017_0038_0038.jpg 1 13 17 38 38
1249_0023_0017_0060_0060.jpg 1 23 17 60 60
1250_0009_0023_0048_0048.jpg 1 9 23 48 48
1251_0024_0007_0031_0031.jpg 1 24 7 31 31
1252_0032_0048_0029_0029.jpg 1 32 48 29 29
1253_0012_0035_0028_0028.jpg 1 12 35 28 28
1254_0036_0042_0027_0027.jpg 1 36 42 27 27
1255_0016_0051_0028_0028.jpg 1 16 51 28 28
1256_0018_0012_0056_0056.jpg 1 18 12 56 56
1257_0038_0012_0048_0048.jpg 1 38 12 48 48
1258_0021_0004_0069_0069.jpg 1 21 4 69 69
1259_0034_0027_0054_0054.jpg 1 34 27 54 54
1260_0042_0055_0032_0032.jpg 1 42 55 32 32
1261_0030_0012_0033_0033.jpg 1 30 12 33 33
1262_0061_0047_0025_0025.jpg 1 61 47 25 25
1263_0010_0034_0041_0041.jpg 1 10 34 41 41
1264_0040_0020_0034_0034.jpg 1 40 20 34 34
1265_0038_0017_0053_0053.jpg 1 38 17 53 53
1266_0041_0036_0028_0028.jpg 1 41 36 28 28
1267_0031_0047_0044_0044.jpg 1 31 47 44 44
1268_0012_0005_0067_0067.jpg 1 12 5 67 67
1269_0006_0029_0059_0059.jpg 1 6 29 59 59
1270_0048_0027_0046_0046.jpg 1 48 27 46 46
1271_0033_0025_0038_0038.jpg 1 33 25 38 38
1272_0031_0035_0043_0043.jpg 1 31 35 43 43
1273_0020_0051_0035_0035.jpg 1 20 51 35 35
1274_0033_0030_0037_0037.jpg 1 33 30 37 37
1275_0030_0016_0037_0037.jpg 1 30 16 37 37
1276_0004_0007_0062_0062.jpg 1 4 7 62 62
1277_0031_0006_0050_0050.jpg 1 31 6 50 50
1278_0035_0016_0048_0048.jpg 1 35 16 48 48
1279_0026_0025_0069_0069.jpg 1 26 25 69 69
1280_0028_0043_0042_0042.jpg 1 28 43 42 42
1281_0022_0031_0042_0042.jpg 1 22 31 42 42
1282_0027_0004_0063_0063.jpg 1 27 4 63 63
1283_0051_0016_0029_0029.jpg 1 51 16 29 29
1284_0013_0055_0024_0024.jpg 1 13 55 24 24
1285_0015_0025_0045_0045.jpg 1 15 25 45 45
1286_0020_0034_0054_0054.jpg 1 20 34 54 54
1287_0032_0049_0040_0040.jpg 1 32 49 40 40
1288_0020_0027_0048_0048.jpg 1 20 27 48 48
1289_0043_0037_0026_0026.jpg 1 43 37 26 26
1290_0041_0029_0029_0029.jpg 1 41 29 29 29
1291_0023_0044_0042_0042.jpg 1 23 44 42 42
1292_0034_0011_0046_0046.jpg 1 34 11 46 46
1293_0019_0013_0040_0040.jpg 1 19 13 40 40
1294_0041_0033_0053_0053.jpg 1 41 33 53 53
1295_0016_0033_0026_0026.jpg 1 16 33 26 26
1296_0059_0012_0025_0025.jpg 1 59 12 25 25
1297_0021_0019_0066_0066.jpg 1 21 19 66 66
1298_0007_0016_0067_0067.jpg 1 7 16 67 67
1299_0013_0018_0065_0065.jpg 1 13 18 65 65
1300_0026_0034_0051_0051.jpg 1 26 34 51 51
1301_0030_0026_0040_0040.jpg 1 30 26 40 40
1302_0024_0038_0056_0056.jpg 1 24 38 56 56
1303_0011_0024_0065_0065.jpg 1 11 24 65 65
1304_0037_0044_0026_0026.jpg 1 37 44 26 26
1305_0017_0012_0042_0042.jpg 1 17 12 42 42
1306_0023_0014_0063_0063.jpg 1 23 14 63 63
1307_0041_0020_0049_0049.jpg 1 41 20 49 49
1308_0017_0031_0055_0055.jpg 1 17 31 55 55
1309_0017_0026_0069_0069.jpg 1 17 26 69 69
1310_0034_0029_0047_0047.jpg 1 34 29 47 47
1311_0004_0005_0066_0066.jpg 1 4 5 66 66
1312_0035_0012_0059_0059.jpg 1 35 12 59 59
1313_0009_0051_0035_0035.jpg 1 9 51 35 35
1314_0008_0027_0064_0064.jpg 1 8 27 64 64
1315_0034_0016_0056_0056.jpg 1 34 16 56 56
1316_0012_0017_0051_0051.jpg 1 12 17 51 51
1317_0054_0025_0026_0026.jpg 1 54 25 26 26
1318_0018_0021_0060_0060.jpg 1 18 21 60 60
1319_0019_0037_0037_0037.jpg 1 19 37 37 37
1320_0052_0034_0026_0026.jpg 1 52 34 26 26
1321_0028_0036_0026_0026.jpg 1 28 36 26 26
1322_0022_0009_0052_0052.jpg 1 22 9 52 52
1323_0033_0008_0034_0034.jpg 1 33 8 34 34
1324_0033_0022_0057_0057.jpg 1 33 22 57 57
1325_0013_0009_0049_0049.jpg 1 13 9 49 49
1326_0026_0013_0062_0062.jpg 1 26 13 62 62
1327_0012_0032_0035_0035.jpg 1 12 32 35 35
1328_0008_0011_0050_0050.jpg 1 8 11 50 50
1329_0042_0019_0040_0040.jpg 1 42 19 40 40
1330_0050_0028_0036_0036.jpg 1 50 28 36 36
1331_0039_0013_0055_0055.jpg 1 39 13 55 55
1332_0031_0022_0051_0051.jpg 1 31 22 51 51
1333_0043_0034_0038_0038.jpg 1 43 34 38 38
1334_0021_0015_0048_0048.jpg 1 21 15 48 48
1335_0015_0006_0047_0047.jpg 1 15 6 47 47
1336_0022_0010_0034_0034.jpg 1 22 10 34 34
1337_0010_0019_0067_0067.jpg 1 10 19 67 67
1338_0040_0040_0036_0036.jpg 1 40 40 36 36
1339_0027_0003_0066_0066.jpg 1 27 3 66 66
1340_0059_0012_0024_0024.jpg 1 59 12 24 24
1341_0033_0008_0048_0048.jpg 1 33 8 48 48
1342_0022_0039_0036_0036.jpg 1 22 39 36 36
1343_0034_0051_0036_0036.jpg 1 34 51 36 36
1344_0005_0035_0057_0057.jpg 1 5 35 57 57
1345_0027_0039_0052_0052.jpg 1 27 39 52 52
1346_0012_0027_0066_0066.jpg 1 12 27 66 66
1347_0018_0044_0049_0049.jpg 1 18 44 49 49
1348_0037_0014_0045_0045.jpg 1 37 14 45 45
1349_0004_0020_0068_0068.jpg 1 4 20 68 68
1350_0010_0043_0045_0045.jpg 1 10 43 45 45
1351_0042_0011_0044_0044.jpg 1 42 11 44 44
1352_0018_0044_0025_0025.jpg 1 18 44 25 25
1353_0010_0023_0047_0047.jpg 1 10 23 47 47
1354_0008_0013_0044_0044.jpg 1 8 13 44 44
1355_0021_0041_0035_0035.jpg 1 21 41 35 35
1356_0020_0034_0061_0061.jpg 1 20 34 61 61
1357_0059_0063_0025_0025.jpg 1 59 63 25 25
1358_0036_0008_0039_0039.jpg 1 36 8 39 39
1359_0049_0053_0034_0034.jpg 1 49 53 34 34
1360_0055_0050_0034_0034.jpg 1 55 50 34 34
1361_0038_0052_0035_0035.jpg 1 38 52 35 35
1362_0010_0017_0059_0059.jpg 1 10 17 59 59
1363_0024_0020_0067_0067.jpg 1 24 20 67 67
1364_0008_0025_0066_0066.jpg 1 8 25 66 66
1365_0028_0018_0064_0064.jpg 1 28 18 64 64
1366_0027_0033_0051_0051.jpg 1 27 33 51 51
1367_0012_0011_0042_0042.jpg 1 12 11 42 42
1368_0053_0043_0035_0035.jpg 1 53 43 35 35
1369_0045_0057_0036_0036.jpg 1 45 57 36 36
1370_0008_0008_0069_0069.jpg 1 8 8 69 69
1371_0025_0041_0052_0052.jpg 1 25 41 52 52
1372_0038_0022_0055_0055.jpg 1 38 22 55 55
1373_0021_0022_0067_0067.jpg 1 21 22 67 67
1374_0029_0017_0052_0052.jpg 1 29 17 52 52
1375_0019_0020_0069_0069.jpg 1 19 20 69 69
1376_0027_0014_0061_0061.jpg 1 27 14 61 61
1377_0018_0017_0028_0028.jpg 1 18 17 28 28
1378_0050_0008_0039_0039.jpg 1 50 8 39 39
1379_0031_0036_0059_0059.jpg 1 31 36 59 59
1380_0014_0032_0042_0042.jpg 1 14 32 42 42
1381_0057_0010_0026_0026.jpg 1 57 10 26 26
1382_0028_0006_0067_0067.jpg 1 28 6 67 67
1383_0027_0047_0030_0030.jpg 1 27 47 30 30
1384_0056_0040_0025_0025.jpg 1 56 40 25 25
1385_0037_0028_0024_0024.jpg 1 37 28 24 24
1386_0055_0038_0027_0027.jpg 1 55 38 27 27
1387_0034_0024_0027_0027.jpg 1 34 24 27 27
1388_0024_0012_0049_0049.jpg 1 24 12 49 49
1389_0022_0021_0066_0066.jpg 1 22 21 66 66
1390_0063_0036_0024_0024.jpg 1 63 36 24 24
1391_0035_0040_0032_0032.jpg 1 35 40 32 32
1392_0025_0028_0060_0060.jpg 1 25 28 60 60
1393_0014_0038_0044_0044.jpg 1 14 38 44 44
1394_0018_0023_0046_0046.jpg 1 18 23 46 46
1395_0060_0025_0028_0028.jpg 1 60 25 28 28
1396_0013_0019_0068_0068.jpg 1 13 19 68 68
1397_0011_0020_0067_0067.jpg 1 11 20 67 67
1398_0007_0021_0060_0060.jpg 1 7 21 60 60
1399_0030_0036_0042_0042.jpg 1 30 36 42 42
1400_0005_0015_0047_0047.jpg 1 5 15 47 47
1401_0006_0021_0067_0067.jpg 1 6 21 67 67
1402_0020_0017_0069_0069.jpg 1 20 17 69 69
1403_0010_0028_0068_0068.jpg 1 10 28 68 68
1404_0042_0051_0027_0027.jpg 1 42 51 27 27
1405_0033_0020_0057_0057.jpg 1 33 20 57 57
1406_0034_0026_0062_0062.jpg 1 34 26 62 62
1407_0012_0021_0056_0056.jpg 1 12 21 56 56
1408_0037_0015_0043_0043.jpg 1 37 15 43 43
1409_0054_0051_0031_0031.jpg 1 54 51 31 31
1410_0062_0015_0028_0028.jpg 1 62 15 28 28
1411_0024_0004_0063_0063.jpg 1 24 4 63 63
1412_0007_0021_0030_0030.jpg 1 7 21 30 30
1413_0030_0032_0056_0056.jpg 1 30 32 56 56
1414_0010_0020_0051_0051.jpg 1 10 20 51 51
1415_0045_0038_0041_0041.jpg 1 45 38 41 41
1416_0024_0016_0069_0069.jpg 1 24 16 69 69
1417_0047_0042_0032_0032.jpg 1 47 42 32 32
1418_0026_0005_0059_0059.jpg 1 26 5 59 59
1419_0028_0014_0067_0067.jpg 1 28 14 67 67
1420_0024_0018_0064_0064.jpg 1 24 18 64 64
1421_0020_0044_0036_0036.jpg 1 20 44 36 36
1422_0028_0005_0068_0068.jpg 1 28 5 68 68
1423_0046_0023_0044_0044.jpg 1 46 23 44 44
1424_0010_0006_0056_0056.jpg 1 10 6 56 56
1425_0024_0047_0040_0040.jpg 1 24 47 40 40
1426_0022_0026_0033_0033.jpg 1 22 26 33 33
1427_0006_0017_0060_0060.jpg 1 6 17 60 60
1428_0019_0035_0061_0061.jpg 1 19 35 61 61
1429_0024_0008_0069_0069.jpg 1 24 8 69 69
1430_0062_0057_0024_0024.jpg 1 62 57 24 24
1431_0059_0031_0027_0027.jpg 1 59 31 27 27
1432_0028_0018_0033_0033.jpg 1 28 18 33 33
1433_0014_0003_0069_0069.jpg 1 14 3 69 69
1434_0024_0061_0029_0029.jpg 1 24 61 29 29
1435_0026_0039_0045_0045.jpg 1 26 39 45 45
1436_0031_0014_0061_0061.jpg 1 31 14 61 61
1437_0026_0020_0067_0067.jpg 1 26 20 67 67
1438_0044_0041_0035_0035.jpg 1 44 41 35 35
1439_0011_0007_0029_0029.jpg 1 11 7 29 29
1440_0014_0016_0047_0047.jpg 1 14 16 47 47
1441_0029_0020_0064_0064.jpg 1 29 20 64 64
1442_0048_0050_0034_0034.jpg 1 48 50 34 34
1443_0016_0016_0060_0060.jpg 1 16 16 60 60
1444_0006_0014_0057_0057.jpg 1 6 14 57 57
1445_0043_0031_0037_0037.jpg 1 43 31 37 37
1446_0021_0057_0032_0032.jpg 1 21 57 32 32
1447_0038_0029_0049_0049.jpg 1 38 29 49 49
1448_0047_0050_0041_0041.jpg 1 47 50 41 41
1449_0043_0025_0040_0040.jpg 1 43 25 40 40
1450_0045_0055_0037_0037.jpg 1 45 55 37 37
1451_0059_0035_0025_0025.jpg 1 59 35 25 25
1452_0018_0008_0060_0060.jpg 1 18 8 60 60
1453_0027_0015_0029_0029.jpg 1 27 15 29 29
1454_0018_0025_0036_0036.jpg 1 18 25 36 36
1455_0032_0009_0048_0048.jpg 1 32 9 48 48
1456_0051_0047_0037_0037.jpg 1 51 47 37 37
1457_0037_0055_0025_0025.jpg 1 37 55 25 25
1458_0030_0039_0042_0042.jpg 1 30 39 42 42
1459_0030_0026_0045_0045.jpg 1 30 26 45 45
1460_0021_0022_0033_0033.jpg 1 21 22 33 33
1461_0057_0042_0032_0032.jpg 1 57 42 32 32
1462_0050_0064_0027_0027.jpg 1 50 64 27 27
1463_0051_0052_0031_0031.jpg 1 51 52 31 31
1464_0045_0037_0044_0044.jpg 1 45 37 44 44
1465_0014_0028_0056_0056.jpg 1 14 28 56 56
1466_0012_0020_0046_0046.jpg 1 12 20 46 46
1467_0035_0027_0047_0047.jpg 1 35 27 47 47
1468_0008_0010_0052_0052.jpg 1 8 10 52 52
1469_0004_0017_0065_0065.jpg 1 4 17 65 65
1470_0029_0032_0049_0049.jpg 1 29 32 49 49
1471_0016_0016_0037_0037.jpg 1 16 16 37 37
1472_0038_0046_0038_0038.jpg 1 38 46 38 38
1473_0016_0020_0058_0058.jpg 1 16 20 58 58
1474_0037_0042_0041_0041.jpg 1 37 42 41 41
1475_0040_0059_0029_0029.jpg 1 40 59 29 29
1476_0023_0037_0041_0041.jpg 1 23 37 41 41
1477_0047_0060_0026_0026.jpg 1 47 60 26 26
1478_0053_0043_0025_0025.jpg 1 53 43 25 25
1479_0028_0012_0063_0063.jpg 1 28 12 63 63
1480_0008_0027_0067_0067.jpg 1 8 27 67 67
1481_0045_0033_0032_0032.jpg 1 45 33 32 32
1482_0049_0020_0029_0029.jpg 1 49 20 29 29
1483_0018_0029_0035_0035.jpg 1 18 29 35 35
1484_0011_0033_0041_0041.jpg 1 11 33 41 41
1485_0034_0008_0060_0060.jpg 1 34 8 60 60
1486_0049_0035_0031_0031.jpg 1 49 35 31 31
1487_0027_0042_0038_0038.jpg 1 27 42 38 38
1488_0027_0018_0058_0058.jpg 1 27 18 58 58
1489_0007_0007_0064_0064.jpg 1 7 7 64 64
1490_0011_0040_0047_0047.jpg 1 11 40 47 47
1491_0022_0025_0031_0031.jpg 1 22 25 31 31
1492_0060_0039_0029_0029.jpg 1 60 39 29 29
1493_0010_0020_0062_0062.jpg 1 10 20 62 62
1494_0031_0018_0042_0042.jpg 1 31 18 42 42
1495_0034_0054_0030_0030.jpg 1 34 54 30 30
1496_0025_0028_0049_0049.jpg 1 25 28 49 49
1497_0048_0017_0045_0045.jpg 1 48 17 45 45
1498_0021_0040_0050_0050.jpg 1 21 40 50 50
1499_0013_0033_0052_0052.jpg 1 13 33 52 52
1500_0006_0011_0048_0048.jpg 1 6 11 48 48
1501_0035_0012_0058_0058.jpg 1 35 12 58 58
1502_0028_0004_0067_0067.jpg 1 28 4 67 67
1503_0014_0040_0053_0053.jpg 1 14 40 53 53
1504_0030_0022_0046_0046.jpg 1 30 22 46 46
1505_0016_0056_0032_0032.jpg 1 16 56 32 32
1506_0008_0027_0057_0057.jpg 1 8 27 57 57
1507_0026_0007_0026_0026.jpg 1 26 7 26 26
1508_0051_0033_0028_0028.jpg 1 51 33 28 28
1509_0052_0039_0031_0031.jpg 1 52 39 31 31
1510_0008_0023_0065_0065.jpg 1 8 23 65 65
1511_0027_0017_0049_0049.jpg 1 27 17 49 49
1512_0009_0018_0058_0058.jpg 1 9 18 58 58
1513_0014_0022_0044_0044.jpg 1 14 22 44 44
1514_0040_0046_0042_0042.jpg 1 40 46 42 42
1515_0023_0044_0047_0047.jpg 1 23 44 47 47
1516_0024_0021_0044_0044.jpg 1 24 21 44 44
1517_0017_0012_0028_0028.jpg 1 17 12 28 28
1518_0025_0021_0069_0069.jpg 1 25 21 69 69
1519_0018_0011_0066_0066.jpg 1 18 11 66 66
1520_0006_0007_0059_0059.jpg 1 6 7 59 59
1521_0018_0033_0057_0057.jpg 1 18 33 57 57
1522_0009_0022_0063_0063.jpg 1 9 22 63 63
1523_0041_0052_0031_0031.jpg 1 41 52 31 31
1524_0039_0014_0055_0055.jpg 1 39 14 55 55
1525_0039_0018_0047_0047.jpg 1 39 18 47 47
1526_0012_0023_0065_0065.jpg 1 12 23 65 65
1527_0014_0051_0035_0035.jpg 1 14 51 35 35
1528_0049_0032_0032_0032.jpg 1 49 32 32 32
1529_0028_0018_0053_0053.jpg 1 28 18 53 53
1530_0008_0003_0069_0069.jpg 1 8 3 69 69
1531_0015_0026_0060_0060.jpg 1 15 26 60 60
1532_0031_0034_0055_0055.jpg 1 31 34 55 55
1533_0015_0008_0041_0041.jpg 1 15 8 41 41
1534_0049_0029_0044_0044.jpg 1 49 29 44 44
1535_0028_0029_0061_0061.jpg 1 28 29 61 61
1536_0036_0007_0054_0054.jpg 1 36 7 54 54
1537_0019_0020_0052_0052.jpg 1 19 20 52 52
1538_0008_0017_0069_0069.jpg 1 8 17 69 69
1539_0041_0007_0047_0047.jpg 1 41 7 47 47
1540_0013_0023_0062_0062.jpg 1 13 23 62 62
1541_0028_0015_0066_0066.jpg 1 28 15 66 66
1542_0009_0026_0065_0065.jpg 1 9 26 65 65
1543_0028_0028_0049_0049.jpg 1 28 28 49 49
1544_0018_0026_0031_0031.jpg 1 18 26 31 31
1545_0025_0031_0051_0051.jpg 1 25 31 51 51
1546_0011_0010_0044_0044.jpg 1 11 10 44 44
1547_0007_0064_0024_0024.jpg 1 7 64 24 24
1548_0052_0009_0034_0034.jpg 1 52 9 34 34
1549_0007_0024_0044_0044.jpg 1 7 24 44 44
1550_0018_0006_0069_0069.jpg 1 18 6 69 69
1551_0046_0009_0040_0040.jpg 1 46 9 40 40
1552_0017_0053_0032_0032.jpg 1 17 53 32 32
1553_0021_0012_0059_0059.jpg 1 21 12 59 59
1554_0029_0017_0049_0049.jpg 1 29 17 49 49
1555_0031_0043_0038_0038.jpg 1 31 43 38 38
1556_0033_0009_0062_0062.jpg 1 33 9 62 62
1557_0004_0018_0059_0059.jpg 1 4 18 59 59
1558_0005_0037_0055_0055.jpg 1 5 37 55 55
1559_0017_0048_0030_0030.jpg 1 17 48 30 30
1560_0019_0018_0027_0027.jpg 1 19 18 27 27
1561_0027_0008_0061_0061.jpg 1 27 8 61 61
1562_0044_0007_0043_0043.jpg 1 44 7 43 43
1563_0045_0031_0044_0044.jpg 1 45 31 44 44
1564_0028_0010_0049_0049.jpg 1 28 10 49 49
1565_0024_0039_0029_0029.jpg 1 24 39 29 29
1566_0030_0006_0042_0042.jpg 1 30 6 42 42
1567_0031_0022_0051_0051.jpg 1 31 22 51 51
1568_0044_0057_0035_0035.jpg 1 44 57 35 35
1569_0010_0031_0059_0059.jpg 1 10 31 59 59
1570_0013_0006_0063_0063.jpg 1 13 6 63 63
1571_0018_0008_0055_0055.jpg 1 18 8 55 55
1572_0016_0014_0056_0056.jpg 1 16 14 56 56
1573_0021_0040_0024_0024.jpg 1 21 40 24 24
1574_0018_0013_0063_0063.jpg 1 18 13 63 63
1575_0058_0040_0028_0028.jpg 1 58 40 28 28
1576_0033_0012_0044_0044.jpg 1 33 12 44 44
1577_0004_0007_0066_0066.jpg 1 4 7 66 66
1578_0011_0036_0025_0025.jpg 1 11 36 25 25
1579_0040_0047_0045_0045.jpg 1 40 47 45 45
1580_0043_0037_0026_0026.jpg 1 43 37 26 26
1581_0010_0020_0068_0068.jpg 1 10 20 68 68
1582_0029_0027_0043_0043.jpg 1 29 27 43 43
1583_0030_0026_0063_0063.jpg 1 30 26 63 63
1584_0030_0049_0042_0042.jpg 1 30 49 42 42
1585_0004_0025_0066_0066.jpg 1 4 25 66 66
1586_0054_0039_0038_0038.jpg 1 54 39 38 38
1587_0063_0023_0028_0028.jpg 1 63 23 28 28
1588_0011_0025_0050_0050.jpg 1 11 25 50 50
1589_0023_0023_0050_0050.jpg 1 23 23 50 50
1590_0022_0012_0063_0063.jpg 1 22 12 63 63
1591_0008_0026_0054_0054.jpg 1 8 26 54 54
1592_0027_0017_0063_0063.jpg 1 27 17 63 63
1593_0031_0047_0026_0026.jpg 1 31 47 26 26
1594_0013_0025_0066_0066.jpg 1 13 25 66 66
1595_0009_0047_0044_0044.jpg 1 9 47 44 44
1596_0033_0013_0055_0055.jpg 1 33 13 55 55
1597_0020_0028_0039_0039.jpg 1 20 28 39 39
1598_0026_0040_0032_0032.jpg 1 26 40 32 32
1599_0037_0015_0051_0051.jpg 1 37 15 51 51
1600_0031_0011_0037_0037.jpg 1 31 11 37 37
1601_0013_0034_0044_0044.jpg 1 13 34 44 44
1602_0039_0017_0044_0044.jpg 1 39 17 44 44
1603_0032_0016_0032_0032.jpg 1 32 16 32 32
1604_0025_0031_0052_0052.jpg 1 25 31 52 52
1605_0034_0015_0057_0057.jpg 1 34 15 57 57
1606_0028_0030_0054_0054.jpg 1 28 30 54 54
1607_0055_0044_0032_0032.jpg 1 55 44 32 32
1608_0017_0013_0055_0055.jpg 1 17 13 55 55
1609_0005_0026_0052_0052.jpg 1 5 26 52 52
1610_0029_0041_0053_0053.jpg 1 29 41 53 53
1611_0052_0025_0027_0027.jpg 1 52 25 27 27
1612_0019_0033_0025_0025.jpg 1 19 33 25 25
1613_0026_0025_0064_0064.jpg 1 26 25 64 64
1614_0019_0029_0034_0034.jpg 1 19 29 34 34
1615_0036_0023_0039_0039.jpg 1 36 23 39 39
1616_0047_0059_0031_0031.jpg 1 47 59 31 31
1617_0027_0029_0054_0054.jpg 1 27 29 54 54
1618_0025_0014_0065_0065.jpg 1 25 14 65 65
1619_0031_0013_0054_0054.jpg 1 31 13 54 54
1620_0010_0008_0042_0042.jpg 1 10 8 42 42
1621_0023_0012_0064_0064.jpg 1 23 12 64 64
1622_0039_0022_0046_0046.jpg 1 39 22 46 46
1623_0007_0025_0058_0058.jpg 1 7 25 58 58
1624_0005_0005_0059_0059.jpg 1 5 5 59 59
1625_0023_0037_0047_0047.jpg 1 23 37 47 47
1626_0017_0010_0064_0064.jpg 1 17 10 64 64
1627_0018_0044_0047_0047.jpg 1 18 44 47 47
1628_0005_0039_0046_0046.jpg 1 5 39 46 46
1629_0044_0016_0041_0041.jpg 1 44 16 41 41
1630_0021_0026_0054_0054.jpg 1 21 26 54 54
1631_0025_0042_0042_0042.jpg 1 25 42 42 42
1632_0015_0010_0054_0054.jpg 1 15 10 54 54
1633_0008_0020_0045_0045.jpg 1 8 20 45 45
1634_0031_0024_0035_0035.jpg 1 31 24 35 35
1635_0005_0021_0068_0068.jpg 1 5 21 68 68
1636_0032_0017_0057_0057.jpg 1 32 17 57 57
1637_0038_0008_0056_0056.jpg 1 38 8 56 56
1638_0024_0028_0034_0034.jpg 1 24 28 34 34
1639_0013_0023_0068_0068.jpg 1 13 23 68 68
1640_0037_0022_0054_0054.jpg 1 37 22 54 54
1641_0005_0009_0069_0069.jpg 1 5 9 69 69
1642_0010_0036_0041_0041.jpg 1 10 36 41 41
1643_0032_0037_0057_0057.jpg 1 32 37 57 57
1644_0054_0032_0034_0034.jpg 1 54 32 34 34
1645_0019_0017_0057_0057.jpg 1 19 17 57 57
1646_0030_0007_0055_0055.jpg 1 30 7 55 55
1647_0025_0008_0041_0041.jpg 1 25 8 41 41
1648_0040_0055_0034_0034.jpg 1 40 55 34 34
1649_0035_0019_0046_0046.jpg 1 35 19 46 46
1650_0012_0024_0058_0058.jpg 1 12 24 58 58
1651_0016_0025_0068_0068.jpg 1 16 25 68 68
1652_0031_0051_0042_0042.jpg 1 31 51 42 42
1653_0015_0013_0062_0062.jpg 1 15 13 62 62
1654_0045_0041_0047_0047.jpg 1 45 41 47 47
1655_0042_0036_0035_0035.jpg 1 42 36 35 35
1656_0024_0005_0068_0068.jpg 1 24 5 68 68
1657_0032_0056_0030_0030.jpg 1 32 56 30 30
1658_0009_0041_0044_0044.jpg 1 9 41 44 44
1659_0006_0024_0050_0050.jpg 1 6 24 50 50
1660_0008_0052_0033_0033.jpg 1 8 52 33 33
1661_0013_0027_0037_0037.jpg 1 13 27 37 37
1662_0048_0059_0026_0026.jpg 1 48 59 26 26
1663_0057_0044_0029_0029.jpg 1 57 44 29 29
1664_0032_0024_0041_0041.jpg 1 32 24 41 41
1665_0011_0006_0045_0045.jpg 1 11 6 45 45
1666_0044_0025_0026_0026.jpg 1 44 25 26 26
1667_0026_0030_0044_0044.jpg 1 26 30 44 44
1668_0032_0032_0058_0058.jpg 1 32 32 58 58
1669_0006_0036_0038_0038.jpg 1 6 36 38 38
1670_0033_0020_0048_0048.jpg 1 33 20 48 48
1671_0044_0008_0049_0049.jpg 1 44 8 49 49
1672_0026_0008_0061_0061.jpg 1 26 8 61 61
1673_0045_0028_0032_0032.jpg 1 45 28 32 32
1674_0052_0023_0030_0030.jpg 1 52 23 30 30
1675_0020_0014_0033_0033.jpg 1 20 14 33 33
1676_0016_0015_0066_0066.jpg 1 16 15 66 66
1677_0029_0020_0060_0060.jpg 1 29 20 60 60
1678_0028_0007_0030_0030.jpg 1 28 7 30 30
1679_0044_0006_0042_0042.jpg 1 44 6 42 42
1680_0013_0020_0063_0063.jpg 1 13 20 63 63
1681_0006_0009_0054_0054.jpg 1 6 9 54 54
1682_0017_0035_0032_0032.jpg 1 17 35 32 32
1683_0005_0028_0055_0055.jpg 1 5 28 55 55
1684_0045_0045_0033_0033.jpg 1 45 45 33 33
1685_0034_0034_0031_0031.jpg 1 34 34 31 31
1686_0040_0022_0042_0042.jpg 1 40 22 42 42
1687_0022_0039_0042_0042.jpg 1 22 39 42 42
1688_0048_0008_0035_0035.jpg 1 48 8 35 35
1689_0040_0015_0052_0052.jpg 1 40 15 52 52
1690_0034_0010_0035_0035.jpg 1 34 10 35 35
1691_0040_0039_0039_0039.jpg 1 40 39 39 39
1692_0009_0011_0031_0031.jpg 1 9 11 31 31
1693_0040_0044_0031_0031.jpg 1 40 44 31 31
1694_0025_0011_0065_0065.jpg 1 25 11 65 65
1695_0027_0051_0034_0034.jpg 1 27 51 34 34
1696_0007_0004_0069_0069.jpg 1 7 4 69 69
1697_0025_0017_0055_0055.jpg 1 25 17 55 55
1698_0011_0010_0040_0040.jpg 1 11 10 40 40
1699_0038_0035_0035_0035.jpg 1 38 35 35 35
1700_0008_0005_0044_0044.jpg 1 8 5 44 44
1701_0034_0012_0040_0040.jpg 1 34 12 40 40
1702_0015_0029_0054_0054.jpg 1 15 29 54 54
1703_0020_0018_0058_0058.jpg 1 20 18 58 58
1704_0020_0035_0058_0058.jpg 1 20 35 58 58
1705_0041_0019_0053_0053.jpg 1 41 19 53 53
1706_0006_0019_0045_0045.jpg 1 6 19 45 45
1707_0027_0042_0044_0044.jpg 1 27 42 44 44
1708_0014_0016_0060_0060.jpg 1 14 16 60 60
1709_0052_0019_0025_0025.jpg 1 52 19 25 25
1710_0019_0032_0054_0054.jpg 1 19 32 54 54
1711_0052_0015_0037_0037.jpg 1 52 15 37 37
1712_0018_0029_0066_0066.jpg 1 18 29 66 66
1713_0024_0007_0063_0063.jpg 1 24 7 63 63
1714_0018_0014_0033_0033.jpg 1 18 14 33 33
1715_0025_0038_0032_0032.jpg 1 25 38 32 32
1716_0052_0047_0027_0027.jpg 1 52 47 27 27
1717_0047_0028_0045_0045.jpg 1 47 28 45 45
1718_0013_0006_0067_0067.jpg 1 13 6 67 67
1719_0008_0014_0062_0062.jpg 1 8 14 62 62
1720_0021_0010_0045_0045.jpg 1 21 10 45 45
1721_0032_0027_0050_0050.jpg 1 32 27 50 50
1722_0027_0038_0034_0034.jpg 1 27 38 34 34
1723_0008_0014_0068_0068.jpg 1 8 14 68 68
1724_0010_0018_0044_0044.jpg 1 10 18 44 44
1725_0041_0024_0034_0034.jpg 1 41 24 34 34
1726_0041_0009_0040_0040.jpg 1 41 9 40 40
1727_0011_0037_0052_0052.jpg 1 11 37 52 52
1728_0041_0027_0047_0047.jpg 1 41 27 47 47
1729_0020_0055_0028_0028.jpg 1 20 55 28 28
1730_0017_0055_0035_0035.jpg 1 17 55 35 35
1731_0013_0011_0045_0045.jpg 1 13 11 45 45
1732_0014_0029_0064_0064.jpg 1 14 29 64 64
1733_0021_0037_0037_0037.jpg 1 21 37 37 37
1734_0029_0053_0030_0030.jpg 1 29 53 30 30
1735_0021_0008_0049_0049.jpg 1 21 8 49 49
1736_0026_0020_0031_0031.jpg 1 26 20 31 31
1737_0020_0022_0042_0042.jpg 1 20 22 42 42
1738_0020_0025_0024_0024.jpg 1 20 25 24 24
1739_0006_0018_0053_0053.jpg 1 6 18 53 53
1740_0019_0010_0067_0067.jpg 1 19 10 67 67
1741_0045_0034_0030_0030.jpg 1 45 34 30 30
1742_0062_0053_0031_0031.jpg 1 62 53 31 31
1743_0027_0022_0060_0060.jpg 1 27 22 60 60
1744_0030_0009_0063_0063.jpg 1 30 9 63 63
1745_0055_0058_0025_0025.jpg 1 55 58 25 25
1746_0028_0061_0026_0026.jpg 1 28 61 26 26
1747_0032_0040_0051_0051.jpg 1 32 40 51 51
1748_0025_0030_0038_0038.jpg 1 25 30 38 38
1749_0020_0027_0059_0059.jpg 1 20 27 59 59
1750_0027_0006_0056_0056.jpg 1 27 6 56 56
1751_0049_0053_0026_0026.jpg 1 49 53 26 26
1752_0008_0036_0056_0056.jpg 1 8 36 56 56
1753_0040_0049_0040_0040.jpg 1 40 49 40 40
1754_0018_0025_0065_0065.jpg 1 18 25 65 65
1755_0016_0067_0024_0024.jpg 1 16 67 24 24
1756_0026_0023_0059_0059.jpg 1 26 23 59 59
1757_0046_0018_0032_0032.jpg 1 46 18 32 32
1758_0012_0009_0029_0029.jpg 1 12 9 29 29
1759_0024_0010_0066_0066.jpg 1 24 10 66 66
1760_0043_0062_0025_0025.jpg 1 43 62 25 25
1761_0018_0038_0030_0030.jpg 1 18 38 30 30
1762_0032_0006_0053_0053.jpg 1 32 6 53 53
1763_0033_0042_0031_0031.jpg 1 33 42 31 31
1764_0059_0012_0025_0025.jpg 1 59 12 25 25
1765_0019_0031_0056_0056.jpg 1 19 31 56 56
1766_0036_0021_0051_0051.jpg 1 36 21 51 51
1767_0033_0015_0055_0055.jpg 1 33 15 55 55
1768_0012_0058_0028_0028.jpg 1 12 58 28 28
1769_0015_0010_0029_0029.jpg 1 15 10 29 29
1770_0028_0016_0043_0043.jpg 1 28 16 43 43
1771_0065_0016_0025_0025.jpg 1 65 16 25 25
1772_0025_0033_0043_0043.jpg 1 25 33 43 43
1773_0021_0039_0046_0046.jpg 1 21 39 46 46
1774_0027_0011_0066_0066.jpg 1 27 11 66 66
1775_0033_0024_0032_0032.jpg 1 33 24 32 32
1776_0016_0024_0069_0069.jpg 1 16 24 69 69
1777_0015_0020_0066_0066.jpg 1 15 20 66 66
1778_0029_0009_0047_0047.jpg 1 29 9 47 47
1779_0028_0036_0056_0056.jpg 1 28 36 56 56
1780_0026_0007_0052_0052.jpg 1 26 7 52 52
1781_0015_0008_0038_0038.jpg 1 15 8 38 38
1782_0039_0035_0027_0027.jpg 1 39 35 27 27
1783_0006_0036_0039_0039.jpg 1 6 36 39 39
1784_0015_0024_0053_0053.jpg 1 15 24 53 53
1785_0044_0007_0029_0029.jpg 1 44 7 29 29
1786_0019_0039_0037_0037.jpg 1 19 39 37 37
1787_0007_0016_0067_0067.jpg 1 7 16 67 67
1788_0047_0027_0024_0024.jpg 1 47 27 24 24
1789_0016_0008_0063_0063.jpg 1 16 8 63 63
1790_0036_0010_0055_0055.jpg 1 36 10 55 55
1791_0008_0055_0033_0033.jpg 1 8 55 33 33
1792_0034_0018_0041_0041.jpg 1 34 18 41 41
1793_0042_0059_0030_0030.jpg 1 42 59 30 30
1794_0040_0018_0042_0042.jpg 1 40 18 42 42
1795_0037_0011_0048_0048.jpg 1 37 11 48 48
1796_0038_0052_0036_0036.jpg 1 38 52 36 36
1797_0027_0044_0038_0038.jpg 1 27 44 38 38
1798_0022_0007_0038_0038.jpg 1 22 7 38 38
1799_0007_0039_0029_0029.jpg 1 7 39 29 29
1800_0020_0035_0034_0034.jpg 1 20 35 34 34
1801_0018_0015_0068_0068.jpg 1 18 15 68 68
1802_0017_0013_0052_0052.jpg 1 17 13 52 52
1803_0025_0018_0068_0068.jpg 1 25 18 68 68
1804_0038_0040_0041_0041.jpg 1 38 40 41 41
1805_0034_0016_0061_0061.jpg 1 34 16 61 61
1806_0037_0010_0028_0028.jpg 1 37 10 28 28
1807_0022_0038_0053_0053.jpg 1 22 38 53 53
1808_0016_0046_0043_0043.jpg 1 16 46 43 43
1809_0039_0039_0030_0030.jpg 1 39 39 30 30
1810_0023_0019_0063_0063.jpg 1 23 19 63 63
1811_0028_0050_0034_0034.jpg 1 28 50 34 34
1812_0025_0030_0055_0055.jpg 1 25 30 55 55
1813_0012_0015_0063_0063.jpg 1 12 15 63 63
1814_0022_0044_0045_0045.jpg 1 22 44 45 45
1815_0025_0041_0048_0048.jpg 1 25 41 48 48
1816_0006_0018_0043_0043.jpg 1 6 18 43 43
1817_0027_0039_0026_0026.jpg 1 27 39 26 26
1818_0020_0008_0043_0043.jpg 1 20 8 43 43
1819_0039_0005_0047_0047.jpg 1 39 5 47 47
1820_0007_0026_0056_0056.jpg 1 7 26 56 56
1821_0006_0041_0053_0053.jpg 1 6 41 53 53
1822_0046_0053_0028_0028.jpg 1 46 53 28 28
1823_0036_0052_0028_0028.jpg 1 36 52 28 28
1824_0024_0021_0054_0054.jpg 1 24 21 54 54
1825_0016_0024_0064_0064.jpg 1 16 24 64 64
1826_0038_0038_0043_0043.jpg 1 38 38 43 43
1827_0009_0003_0069_0069.jpg 1 9 3 69 69
1828_0009_0012_0066_0066.jpg 1 9 12 66 66
1829_0027_0022_0054_0054.jpg 1 27 22 54 54
1830_0015_0025_0065_0065.jpg 1 15 25 65 65
1831_0030_0055_0031_0031.jpg 1 30 55 31 31
1832_0042_0025_0033_0033.jpg 1 42 25 33 33
1833_0020_0036_0033_0033.jpg 1 20 36 33 33
1834_0008_0007_0059_0059.jpg 1 8 7 59 59
1835_0019_0013_0068_0068.jpg 1 19 13 68 68
1836_0062_0047_0028_0028.jpg 1 62 47 28 28
1837_0043_0014_0045_0045.jpg 1 43 14 45 45
1838_0017_0009_0064_0064.jpg 1 17 9 64 64
1839_0020_0007_0055_0055.jpg 1 20 7 55 55
1840_0055_0021_0026_0026.jpg 1 55 21 26 26
1841_0020_0022_0062_0062.jpg 1 20 22 62 62
1842_0018_0021_0048_0048.jpg 1 18 21 48 48
1843_0012_0044_0026_0026.jpg 1 12 44 26 26
1844_0008_0037_0046_0046.jpg 1 8 37 46 46
1845_0061_0011_0029_0029.jpg 1 61 11 29 29
1846_0047_0042_0027_0027.jpg 1 47 42 27 27
1847_0029_0012_0031_0031.jpg 1 29 12 31 31
1848_0043_0053_0031_0031.jpg 1 43 53 31 31
1849_0016_0016_0061_0061.jpg 1 16 16 61 61
1850_0005_0031_0057_0057.jpg 1 5 31 57 57
1851_0023_0031_0059_0059.jpg 1 23 31 59 59
1852_0006_0004_0060_0060.jpg 1 6 4 60 60
1853_0037_0019_0043_0043.jpg 1 37 19 43 43
1854_0005_0024_0063_0063.jpg 1 5 24 63 63
1855_0012_0043_0047_0047.jpg 1 12 43 47 47
1856_0056_0046_0029_0029.jpg 1 56 46 29 29
1857_0008_0035_0060_0060.jpg 1 8 35 60 60
1858_0027_0037_0056_0056.jpg 1 27 37 56 56
1859_0044_0035_0046_0046.jpg 1 44 35 46 46
1860_0008_0014_0028_0028.jpg 1 8 14 28 28
1861_0016_0023_0041_0041.jpg 1 16 23 41 41
1862_0004_0016_0065_0065.jpg 1 4 16 65 65
1863_0035_0029_0059_0059.jpg 1 35 29 59 59
1864_0016_0025_0069_0069.jpg 1 16 25 69 69
1865_0008_0012_0067_0067.jpg 1 8 12 67 67
1866_0033_0035_0052_0052.jpg 1 33 35 52 52
1867_0024_0057_0030_0030.jpg 1 24 57 30 30
1868_0012_0015_0069_0069.jpg 1 12 15 69 69
1869_0006_0046_0044_0044.jpg 1 6 46 44 44
1870_0022_0047_0027_0027.jpg 1 22 47 27 27
1871_0011_0038_0038_0038.jpg 1 11 38 38 38
1872_0049_0020_0039_0039.jpg 1 49 20 39 39
1873_0036_0056_0025_0025.jpg 1 36 56 25 25
1874_0006_0013_0056_0056.jpg 1 6 13 56 56
1875_0039_0027_0049_0049.jpg 1 39 27 49 49
1876_0012_0031_0064_0064.jpg 1 12 31 64 64
1877_0045_0016_0046_0046.jpg 1 45 16 46 46
1878_0031_0022_0062_0062.jpg 1 31 22 62 62
1879_0023_0030_0060_0060.jpg 1 23 30 60 60
1880_0030_0016_0025_0025.jpg 1 30 16 25 25
1881_0006_0016_0053_0053.jpg 1 6 16 53 53
1882_0041_0041_0034_0034.jpg 1 41 41 34 34
1883_0034_0031_0046_0046.jpg 1 34 31 46 46
1884_0008_0016_0040_0040.jpg 1 8 16 40 40
1885_0006_0028_0048_0048.jpg 1 6 28 48 48
1886_0026_0011_0048_0048.jpg 1 26 11 48 48
1887_0029_0029_0035_0035.jpg 1 29 29 35 35
1888_0014_0024_0063_0063.jpg 1 14 24 63 63
1889_0023_0054_0030_0030.jpg 1 23 54 30 30
1890_0058_0052_0024_0024.jpg 1 58 52 24 24
1891_0039_0034_0056_0056.jpg 1 39 34 56 56
1892_0032_0005_0061_0061.jpg 1 32 5 61 61
1893_0056_0036_0025_0025.jpg 1 56 36 25 25
1894_0016_0031_0058_0058.jpg 1 16 31 58 58
1895_0018_0032_0054_0054.jpg 1 18 32 54 54
1896_0048_0006_0041_0041.jpg 1 48 6 41 41
1897_0014_0039_0055_0055.jpg 1 14 39 55 55
1898_0027_0012_0037_0037.jpg 1 27 12 37 37
1899_0015_0016_0033_0033.jpg 1 15 16 33 33
1900_0058_0054_0032_0032.jpg 1 58 54 32 32
1901_0017_0012_0058_0058.jpg 1 17 12 58 58
1902_0029_0051_0028_0028.jpg 1 29 51 28 28
1903_0032_0009_0063_0063.jpg 1 32 9 63 63
1904_0013_0023_0066_0066.jpg 1 13 23 66 66
1905_0062_0029_0027_0027.jpg 1 62 29 27 27
1906_0046_0049_0036_0036.jpg 1 46 49 36 36
1907_0010_0008_0058_0058.jpg 1 10 8 58 58
1908_0040_0037_0031_0031.jpg 1 40 37 31 31
1909_0022_0028_0068_0068.jpg 1 22 28 68 68
1910_0020_0031_0054_0054.jpg 1 20 31 54 54
1911_0009_0007_0050_0050.jpg 1 9 7 50 50
1912_0036_0009_0055_0055.jpg 1 36 9 55 55
1913_0017_0037_0053_0053.jpg 1 17 37 53 53
1914_0059_0017_0024_0024.jpg 1 59 17 24 24
1915_0051_0011_0037_0037.jpg 1 51 11 37 37
1916_0024_0030_0053_0053.jpg 1 24 30 53 53
1917_0056_0044_0036_0036.jpg 1 56 44 36 36
1918_0016_0015_0056_0056.jpg 1 16 15 56 56
1919_0029_0021_0064_0064.jpg 1 29 21 64 64
1920_0022_0050_0027_0027.jpg 1 22 50 27 27
1921_0030_0035_0026_0026.jpg 1 30 35 26 26
1922_0016_0009_0060_0060.jpg 1 16 9 60 60
1923_0035_0052_0030_0030.jpg 1 35 52 30 30
1924_0027_0019_0043_0043.jpg 1 27 19 43 43
1925_0016_0046_0042_0042.jpg 1 16 46 42 42
1926_0007_0021_0060_0060.jpg 1 7 21 60 60
1927_0025_0023_0066_0066.jpg 1 25 23 66 66
1928_0022_0020_0066_0066.jpg 1 22 20 66 66
1929_0031_0020_0062_0062.jpg 1 31 20 62 62
1930_0051_0064_0025_0025.jpg 1 51 64 25 25
1931_0032_0034_0037_0037.jpg 1 32 34 37 37
1932_0008_0007_0064_0064.jpg 1 8 7 64 64
1933_0020_0017_0060_0060.jpg 1 20 17 60 60
1934_0064_0063_0028_0028.jpg 1 64 63 28 28
1935_0006_0029_0064_0064.jpg 1 6 29 64 64
1936_0024_0019_0063_0063.jpg 1 24 19 63 63
1937_0016_0003_0064_0064.jpg 1 16 3 64 64
1938_0054_0053_0026_0026.jpg 1 54 53 26 26
1939_0017_0016_0052_0052.jpg 1 17 16 52 52
1940_0053_0049_0035_0035.jpg 1 53 49 35 35
1941_0022_0024_0062_0062.jpg 1 22 24 62 62
1942_0015_0018_0043_0043.jpg 1 15 18 43 43
1943_0013_0032_0038_0038.jpg 1 13 32 38 38
1944_0014_0029_0053_0053.jpg 1 14 29 53 53
1945_0026_0019_0066_0066.jpg 1 26 19 66 66
1946_0034_0024_0060_0060.jpg 1 34 24 60 60
1947_0031_0042_0032_0032.jpg 1 31 42 32 32
1948_0025_0054_0029_0029.jpg 1 25 54 29 29
1949_0039_0006_0040_0040.jpg 1 39 6 40 40
1950_0017_0025_0053_0053.jpg 1 17 25 53 53
